# JRE version: Java(TM) SE Runtime Environment (8.0_91-b14) (build 1.8.0_91-b14)
# Java VM: Java HotSpot(TM) 64-Bit Server VM (25.91-b14 mixed mode linux-amd64 compressed oops)
Heap:
 PSYoungGen      total 182272K, used 155136K [0x00000000eab00000, 0x00000000f7800000, 0x0000000100000000)
  eden space 155136K, 100% used [0x00000000eab00000,0x00000000f4280000,0x00000000f4280000)
  from space 27136K, 0% used [0x00000000f4280000,0x00000000f4280000,0x00000000f5d00000)
  to   space 27136K, 16% used [0x00000000f5d80000,0x00000000f61d4010,0x00000000f7800000)
 ParOldGen       total 84992K, used 36622K [0x00000000c0000000, 0x00000000c5300000, 0x00000000eab00000)
  object space 84992K, 43% used [0x00000000c0000000,0x00000000c23c3988,0x00000000c5300000)
 Metaspace       used 66263K, capacity 70396K, committed 70656K, reserved 1110016K
  class space    used 8572K, capacity 9192K, committed 9216K, reserved 1048576K
GC Heap History (10 events):
Event: 4845.799 GC heap after
Heap after GC invocations=46 (full 9):
 PSYoungGen      total 177152K, used 1184K [0x00000000eab00000, 0x00000000f7880000, 0x0000000100000000)
  eden space 148992K, 0% used [0x00000000eab00000,0x00000000eab00000,0x00000000f3c80000)
  from space 28160K, 4% used [0x00000000f3c80000,0x00000000f3da8000,0x00000000f5800000)
  to   space 28160K, 0% used [0x00000000f5d00000,0x00000000f5d00000,0x00000000f7880000)
 ParOldGen       total 84992K, used 38017K [0x00000000c0000000, 0x00000000c5300000, 0x00000000eab00000)
  object space 84992K, 44% used [0x00000000c0000000,0x00000000c2520630,0x00000000c5300000)
 Metaspace       used 65481K, capacity 68666K, committed 68992K, reserved 1110016K
  class space    used 8430K, capacity 8949K, committed 9088K, reserved 1048576K
}
Event: 4845.799 GC heap before
{Heap before GC invocations=47 (full 10):
 PSYoungGen      total 177152K, used 1184K [0x00000000eab00000, 0x00000000f7880000, 0x0000000100000000)
  eden space 148992K, 0% used [0x00000000eab00000,0x00000000eab00000,0x00000000f3c80000)
  from space 28160K, 4% used [0x00000000f3c80000,0x00000000f3da8000,0x00000000f5800000)
  to   space 28160K, 0% used [0x00000000f5d00000,0x00000000f5d00000,0x00000000f7880000)
 ParOldGen       total 84992K, used 38017K [0x00000000c0000000, 0x00000000c5300000, 0x00000000eab00000)
  object space 84992K, 44% used [0x00000000c0000000,0x00000000c2520630,0x00000000c5300000)
 Metaspace       used 65481K, capacity 68666K, committed 68992K, reserved 1110016K
  class space    used 8430K, capacity 8949K, committed 9088K, reserved 1048576K
Event: 4846.279 GC heap after
Heap after GC invocations=47 (full 10):
 PSYoungGen      total 177152K, used 0K [0x00000000eab00000, 0x00000000f7880000, 0x0000000100000000)
  eden space 148992K, 0% used [0x00000000eab00000,0x00000000eab00000,0x00000000f3c80000)
  from space 28160K, 0% used [0x00000000f3c80000,0x00000000f3c80000,0x00000000f5800000)
  to   space 28160K, 0% used [0x00000000f5d00000,0x00000000f5d00000,0x00000000f7880000)
 ParOldGen       total 84992K, used 36810K [0x00000000c0000000, 0x00000000c5300000, 0x00000000eab00000)
  object space 84992K, 43% used [0x00000000c0000000,0x00000000c23f2bf0,0x00000000c5300000)
 Metaspace       used 65481K, capacity 68666K, committed 68992K, reserved 1110016K
  class space    used 8430K, capacity 8949K, committed 9088K, reserved 1048576K
}
Event: 5014.978 GC heap before
{Heap before GC invocations=48 (full 10):
 PSYoungGen      total 177152K, used 148992K [0x00000000eab00000, 0x00000000f7880000, 0x0000000100000000)
  eden space 148992K, 100% used [0x00000000eab00000,0x00000000f3c80000,0x00000000f3c80000)
  from space 28160K, 0% used [0x00000000f3c80000,0x00000000f3c80000,0x00000000f5800000)
  to   space 28160K, 0% used [0x00000000f5d00000,0x00000000f5d00000,0x00000000f7880000)
 ParOldGen       total 84992K, used 36810K [0x00000000c0000000, 0x00000000c5300000, 0x00000000eab00000)
  object space 84992K, 43% used [0x00000000c0000000,0x00000000c23f2bf0,0x00000000c5300000)
 Metaspace       used 66079K, capacity 70178K, committed 70400K, reserved 1110016K
  class space    used 8557K, capacity 9173K, committed 9216K, reserved 1048576K
Event: 5014.993 GC heap after
Heap after GC invocations=48 (full 10):
 PSYoungGen      total 182784K, used 6040K [0x00000000eab00000, 0x00000000f7800000, 0x0000000100000000)
  eden space 155136K, 0% used [0x00000000eab00000,0x00000000eab00000,0x00000000f4280000)
  from space 27648K, 21% used [0x00000000f5d00000,0x00000000f62e60f0,0x00000000f7800000)
  to   space 27136K, 0% used [0x00000000f4280000,0x00000000f4280000,0x00000000f5d00000)
 ParOldGen       total 84992K, used 36818K [0x00000000c0000000, 0x00000000c5300000, 0x00000000eab00000)
  object space 84992K, 43% used [0x00000000c0000000,0x00000000c23f4bf0,0x00000000c5300000)
 Metaspace       used 66079K, capacity 70178K, committed 70400K, reserved 1110016K
  class space    used 8557K, capacity 9173K, committed 9216K, reserved 1048576K
}
Event: 5015.116 GC heap before
{Heap before GC invocations=49 (full 10):
 PSYoungGen      total 182784K, used 9440K [0x00000000eab00000, 0x00000000f7800000, 0x0000000100000000)
  eden space 155136K, 2% used [0x00000000eab00000,0x00000000eae52168,0x00000000f4280000)
  from space 27648K, 21% used [0x00000000f5d00000,0x00000000f62e60f0,0x00000000f7800000)
  to   space 27136K, 0% used [0x00000000f4280000,0x00000000f4280000,0x00000000f5d00000)
 ParOldGen       total 84992K, used 36818K [0x00000000c0000000, 0x00000000c5300000, 0x00000000eab00000)
  object space 84992K, 43% used [0x00000000c0000000,0x00000000c23f4bf0,0x00000000c5300000)
 Metaspace       used 66084K, capacity 70184K, committed 70400K, reserved 1110016K
  class space    used 8558K, capacity 9174K, committed 9216K, reserved 1048576K
Event: 5015.120 GC heap after
Heap after GC invocations=49 (full 10):
 PSYoungGen      total 182272K, used 832K [0x00000000eab00000, 0x00000000f7800000, 0x0000000100000000)
  eden space 155136K, 0% used [0x00000000eab00000,0x00000000eab00000,0x00000000f4280000)
  from space 27136K, 3% used [0x00000000f4280000,0x00000000f4350000,0x00000000f5d00000)
  to   space 27136K, 0% used [0x00000000f5d80000,0x00000000f5d80000,0x00000000f7800000)
 ParOldGen       total 84992K, used 36826K [0x00000000c0000000, 0x00000000c5300000, 0x00000000eab00000)
  object space 84992K, 43% used [0x00000000c0000000,0x00000000c23f6bf0,0x00000000c5300000)
 Metaspace       used 66084K, capacity 70184K, committed 70400K, reserved 1110016K
  class space    used 8558K, capacity 9174K, committed 9216K, reserved 1048576K
}
Event: 5015.120 GC heap before
{Heap before GC invocations=50 (full 11):
 PSYoungGen      total 182272K, used 832K [0x00000000eab00000, 0x00000000f7800000, 0x0000000100000000)
  eden space 155136K, 0% used [0x00000000eab00000,0x00000000eab00000,0x00000000f4280000)
  from space 27136K, 3% used [0x00000000f4280000,0x00000000f4350000,0x00000000f5d00000)
  to   space 27136K, 0% used [0x00000000f5d80000,0x00000000f5d80000,0x00000000f7800000)
 ParOldGen       total 84992K, used 36826K [0x00000000c0000000, 0x00000000c5300000, 0x00000000eab00000)
  object space 84992K, 43% used [0x00000000c0000000,0x00000000c23f6bf0,0x00000000c5300000)
 Metaspace       used 66084K, capacity 70184K, committed 70400K, reserved 1110016K
  class space    used 8558K, capacity 9174K, committed 9216K, reserved 1048576K
Event: 5015.562 GC heap after
Heap after GC invocations=50 (full 11):
 PSYoungGen      total 182272K, used 0K [0x00000000eab00000, 0x00000000f7800000, 0x0000000100000000)
  eden space 155136K, 0% used [0x00000000eab00000,0x00000000eab00000,0x00000000f4280000)
  from space 27136K, 0% used [0x00000000f4280000,0x00000000f4280000,0x00000000f5d00000)
  to   space 27136K, 0% used [0x00000000f5d80000,0x00000000f5d80000,0x00000000f7800000)
 ParOldGen       total 84992K, used 36614K [0x00000000c0000000, 0x00000000c5300000, 0x00000000eab00000)
  object space 84992K, 43% used [0x00000000c0000000,0x00000000c23c1988,0x00000000c5300000)
 Metaspace       used 66084K, capacity 70184K, committed 70400K, reserved 1110016K
  class space    used 8558K, capacity 9174K, committed 9216K, reserved 1048576K
}
Event: 8559.638 GC heap before
{Heap before GC invocations=51 (full 11):
 PSYoungGen      total 182272K, used 155136K [0x00000000eab00000, 0x00000000f7800000, 0x0000000100000000)
  eden space 155136K, 100% used [0x00000000eab00000,0x00000000f4280000,0x00000000f4280000)
  from space 27136K, 0% used [0x00000000f4280000,0x00000000f4280000,0x00000000f5d00000)
  to   space 27136K, 0% used [0x00000000f5d80000,0x00000000f5d80000,0x00000000f7800000)
 ParOldGen       total 84992K, used 36614K [0x00000000c0000000, 0x00000000c5300000, 0x00000000eab00000)
  object space 84992K, 43% used [0x00000000c0000000,0x00000000c23c1988,0x00000000c5300000)
 Metaspace       used 66263K, capacity 70396K, committed 70656K, reserved 1110016K
  class space    used 8572K, capacity 9192K, committed 9216K, reserved 1048576K

