# JRE version: Java(TM) SE Runtime Environment (8.0_91-b14) (build 1.8.0_91-b14)
# Java VM: Java HotSpot(TM) 64-Bit Server VM (25.91-b14 mixed mode linux-amd64 compressed oops)
Heap:
 PSYoungGen      total 192000K, used 129037K [0x00000000eab00000, 0x00000000f7e00000, 0x0000000100000000)
  eden space 182272K, 65% used [0x00000000eab00000,0x00000000f1f8a0d8,0x00000000f5d00000)
  from space 9728K, 99% used [0x00000000f7480000,0x00000000f7df94c8,0x00000000f7e00000)
  to   space 12288K, 73% used [0x00000000f6600000,0x00000000f6ec5020,0x00000000f7200000)
 ParOldGen       total 48128K, used 17360K [0x00000000c0000000, 0x00000000c2f00000, 0x00000000eab00000)
  object space 48128K, 36% used [0x00000000c0000000,0x00000000c10f4260,0x00000000c2f00000)
 Metaspace       used 34606K, capacity 35374K, committed 35496K, reserved 1079296K
  class space    used 4609K, capacity 4813K, committed 4864K, reserved 1048576K
GC Heap History (10 events):
Event: 11.043 GC heap after
Heap after GC invocations=5 (full 0):
 PSYoungGen      total 52736K, used 3576K [0x00000000eab00000, 0x00000000f1f00000, 0x0000000100000000)
  eden space 49152K, 0% used [0x00000000eab00000,0x00000000eab00000,0x00000000edb00000)
  from space 3584K, 99% used [0x00000000edb00000,0x00000000ede7e0c0,0x00000000ede80000)
  to   space 10240K, 0% used [0x00000000f1500000,0x00000000f1500000,0x00000000f1f00000)
 ParOldGen       total 64512K, used 11435K [0x00000000c0000000, 0x00000000c3f00000, 0x00000000eab00000)
  object space 64512K, 17% used [0x00000000c0000000,0x00000000c0b2ace0,0x00000000c3f00000)
 Metaspace       used 20687K, capacity 21114K, committed 21296K, reserved 1067008K
  class space    used 2710K, capacity 2853K, committed 2944K, reserved 1048576K
}
Event: 11.450 GC heap before
{Heap before GC invocations=6 (full 0):
 PSYoungGen      total 52736K, used 52728K [0x00000000eab00000, 0x00000000f1f00000, 0x0000000100000000)
  eden space 49152K, 100% used [0x00000000eab00000,0x00000000edb00000,0x00000000edb00000)
  from space 3584K, 99% used [0x00000000edb00000,0x00000000ede7e0c0,0x00000000ede80000)
  to   space 10240K, 0% used [0x00000000f1500000,0x00000000f1500000,0x00000000f1f00000)
 ParOldGen       total 64512K, used 11435K [0x00000000c0000000, 0x00000000c3f00000, 0x00000000eab00000)
  object space 64512K, 17% used [0x00000000c0000000,0x00000000c0b2ace0,0x00000000c3f00000)
 Metaspace       used 20689K, capacity 21114K, committed 21296K, reserved 1067008K
  class space    used 2710K, capacity 2853K, committed 2944K, reserved 1048576K
Event: 11.488 GC heap after
Heap after GC invocations=6 (full 0):
 PSYoungGen      total 107520K, used 4148K [0x00000000eab00000, 0x00000000f1e00000, 0x0000000100000000)
  eden space 98304K, 0% used [0x00000000eab00000,0x00000000eab00000,0x00000000f0b00000)
  from space 9216K, 45% used [0x00000000f1500000,0x00000000f190d0f0,0x00000000f1e00000)
  to   space 9728K, 0% used [0x00000000f0b00000,0x00000000f0b00000,0x00000000f1480000)
 ParOldGen       total 64512K, used 11435K [0x00000000c0000000, 0x00000000c3f00000, 0x00000000eab00000)
  object space 64512K, 17% used [0x00000000c0000000,0x00000000c0b2ace0,0x00000000c3f00000)
 Metaspace       used 20689K, capacity 21114K, committed 21296K, reserved 1067008K
  class space    used 2710K, capacity 2853K, committed 2944K, reserved 1048576K
}
Event: 11.814 GC heap before
{Heap before GC invocations=7 (full 0):
 PSYoungGen      total 107520K, used 68680K [0x00000000eab00000, 0x00000000f1e00000, 0x0000000100000000)
  eden space 98304K, 65% used [0x00000000eab00000,0x00000000eea05250,0x00000000f0b00000)
  from space 9216K, 45% used [0x00000000f1500000,0x00000000f190d0f0,0x00000000f1e00000)
  to   space 9728K, 0% used [0x00000000f0b00000,0x00000000f0b00000,0x00000000f1480000)
 ParOldGen       total 64512K, used 11435K [0x00000000c0000000, 0x00000000c3f00000, 0x00000000eab00000)
  object space 64512K, 17% used [0x00000000c0000000,0x00000000c0b2ace0,0x00000000c3f00000)
 Metaspace       used 20733K, capacity 21114K, committed 21296K, reserved 1067008K
  class space    used 2710K, capacity 2853K, committed 2944K, reserved 1048576K
Event: 11.863 GC heap after
Heap after GC invocations=7 (full 0):
 PSYoungGen      total 108032K, used 3860K [0x00000000eab00000, 0x00000000f7e00000, 0x0000000100000000)
  eden space 98304K, 0% used [0x00000000eab00000,0x00000000eab00000,0x00000000f0b00000)
  from space 9728K, 39% used [0x00000000f0b00000,0x00000000f0ec50d0,0x00000000f1480000)
  to   space 9728K, 0% used [0x00000000f7480000,0x00000000f7480000,0x00000000f7e00000)
 ParOldGen       total 64512K, used 12551K [0x00000000c0000000, 0x00000000c3f00000, 0x00000000eab00000)
  object space 64512K, 19% used [0x00000000c0000000,0x00000000c0c41dd0,0x00000000c3f00000)
 Metaspace       used 20733K, capacity 21114K, committed 21296K, reserved 1067008K
  class space    used 2710K, capacity 2853K, committed 2944K, reserved 1048576K
}
Event: 11.863 GC heap before
{Heap before GC invocations=8 (full 1):
 PSYoungGen      total 108032K, used 3860K [0x00000000eab00000, 0x00000000f7e00000, 0x0000000100000000)
  eden space 98304K, 0% used [0x00000000eab00000,0x00000000eab00000,0x00000000f0b00000)
  from space 9728K, 39% used [0x00000000f0b00000,0x00000000f0ec50d0,0x00000000f1480000)
  to   space 9728K, 0% used [0x00000000f7480000,0x00000000f7480000,0x00000000f7e00000)
 ParOldGen       total 64512K, used 12551K [0x00000000c0000000, 0x00000000c3f00000, 0x00000000eab00000)
  object space 64512K, 19% used [0x00000000c0000000,0x00000000c0c41dd0,0x00000000c3f00000)
 Metaspace       used 20733K, capacity 21114K, committed 21296K, reserved 1067008K
  class space    used 2710K, capacity 2853K, committed 2944K, reserved 1048576K
Event: 11.967 GC heap after
Heap after GC invocations=8 (full 1):
 PSYoungGen      total 108032K, used 0K [0x00000000eab00000, 0x00000000f7e00000, 0x0000000100000000)
  eden space 98304K, 0% used [0x00000000eab00000,0x00000000eab00000,0x00000000f0b00000)
  from space 9728K, 0% used [0x00000000f0b00000,0x00000000f0b00000,0x00000000f1480000)
  to   space 9728K, 0% used [0x00000000f7480000,0x00000000f7480000,0x00000000f7e00000)
 ParOldGen       total 48128K, used 14538K [0x00000000c0000000, 0x00000000c2f00000, 0x00000000eab00000)
  object space 48128K, 30% used [0x00000000c0000000,0x00000000c0e32bd8,0x00000000c2f00000)
 Metaspace       used 20733K, capacity 21114K, committed 21296K, reserved 1067008K
  class space    used 2710K, capacity 2853K, committed 2944K, reserved 1048576K
}
Event: 15.888 GC heap before
{Heap before GC invocations=9 (full 1):
 PSYoungGen      total 108032K, used 98304K [0x00000000eab00000, 0x00000000f7e00000, 0x0000000100000000)
  eden space 98304K, 100% used [0x00000000eab00000,0x00000000f0b00000,0x00000000f0b00000)
  from space 9728K, 0% used [0x00000000f0b00000,0x00000000f0b00000,0x00000000f1480000)
  to   space 9728K, 0% used [0x00000000f7480000,0x00000000f7480000,0x00000000f7e00000)
 ParOldGen       total 48128K, used 14538K [0x00000000c0000000, 0x00000000c2f00000, 0x00000000eab00000)
  object space 48128K, 30% used [0x00000000c0000000,0x00000000c0e32bd8,0x00000000c2f00000)
 Metaspace       used 29846K, capacity 30520K, committed 30592K, reserved 1075200K
  class space    used 4025K, capacity 4205K, committed 4224K, reserved 1048576K
Event: 15.929 GC heap after
Heap after GC invocations=9 (full 1):
 PSYoungGen      total 192000K, used 9701K [0x00000000eab00000, 0x00000000f7e00000, 0x0000000100000000)
  eden space 182272K, 0% used [0x00000000eab00000,0x00000000eab00000,0x00000000f5d00000)
  from space 9728K, 99% used [0x00000000f7480000,0x00000000f7df94c8,0x00000000f7e00000)
  to   space 12288K, 0% used [0x00000000f6600000,0x00000000f6600000,0x00000000f7200000)
 ParOldGen       total 48128K, used 17352K [0x00000000c0000000, 0x00000000c2f00000, 0x00000000eab00000)
  object space 48128K, 36% used [0x00000000c0000000,0x00000000c10f2260,0x00000000c2f00000)
 Metaspace       used 29846K, capacity 30520K, committed 30592K, reserved 1075200K
  class space    used 4025K, capacity 4205K, committed 4224K, reserved 1048576K
}
Event: 20.599 GC heap before
{Heap before GC invocations=10 (full 1):
 PSYoungGen      total 192000K, used 129037K [0x00000000eab00000, 0x00000000f7e00000, 0x0000000100000000)
  eden space 182272K, 65% used [0x00000000eab00000,0x00000000f1f8a0d8,0x00000000f5d00000)
  from space 9728K, 99% used [0x00000000f7480000,0x00000000f7df94c8,0x00000000f7e00000)
  to   space 12288K, 0% used [0x00000000f6600000,0x00000000f6600000,0x00000000f7200000)
 ParOldGen       total 48128K, used 17352K [0x00000000c0000000, 0x00000000c2f00000, 0x00000000eab00000)
  object space 48128K, 36% used [0x00000000c0000000,0x00000000c10f2260,0x00000000c2f00000)
 Metaspace       used 34606K, capacity 35374K, committed 35496K, reserved 1079296K
  class space    used 4609K, capacity 4813K, committed 4864K, reserved 1048576K

