# JRE version: Java(TM) SE Runtime Environment (8.0_91-b14) (build 1.8.0_91-b14)
# Java VM: Java HotSpot(TM) 64-Bit Server VM (25.91-b14 mixed mode linux-amd64 compressed oops)
Heap:
 PSYoungGen      total 205312K, used 2144K [0x00000000eab00000, 0x00000000f7c00000, 0x0000000100000000)
  eden space 196608K, 0% used [0x00000000eab00000,0x00000000eab00000,0x00000000f6b00000)
  from space 8704K, 24% used [0x00000000f7380000,0x00000000f7598020,0x00000000f7c00000)
  to   space 8704K, 0% used [0x00000000f6b00000,0x00000000f6b00000,0x00000000f7380000)
 ParOldGen       total 64512K, used 14233K [0x00000000c0000000, 0x00000000c3f00000, 0x00000000eab00000)
  object space 64512K, 22% used [0x00000000c0000000,0x00000000c0de6530,0x00000000c3f00000)
 Metaspace       used 20736K, capacity 21138K, committed 21296K, reserved 1067008K
  class space    used 2713K, capacity 2857K, committed 2944K, reserved 1048576K
GC Heap History (10 events):
Event: 3.158 GC heap after
Heap after GC invocations=4 (full 0):
 PSYoungGen      total 52736K, used 3568K [0x00000000eab00000, 0x00000000ee200000, 0x0000000100000000)
  eden space 49152K, 0% used [0x00000000eab00000,0x00000000eab00000,0x00000000edb00000)
  from space 3584K, 99% used [0x00000000ede80000,0x00000000ee1fc030,0x00000000ee200000)
  to   space 3584K, 0% used [0x00000000edb00000,0x00000000edb00000,0x00000000ede80000)
 ParOldGen       total 64512K, used 8468K [0x00000000c0000000, 0x00000000c3f00000, 0x00000000eab00000)
  object space 64512K, 13% used [0x00000000c0000000,0x00000000c0845100,0x00000000c3f00000)
 Metaspace       used 18833K, capacity 19276K, committed 19328K, reserved 1067008K
  class space    used 2511K, capacity 2664K, committed 2688K, reserved 1048576K
}
Event: 3.789 GC heap before
{Heap before GC invocations=5 (full 0):
 PSYoungGen      total 52736K, used 52720K [0x00000000eab00000, 0x00000000ee200000, 0x0000000100000000)
  eden space 49152K, 100% used [0x00000000eab00000,0x00000000edb00000,0x00000000edb00000)
  from space 3584K, 99% used [0x00000000ede80000,0x00000000ee1fc030,0x00000000ee200000)
  to   space 3584K, 0% used [0x00000000edb00000,0x00000000edb00000,0x00000000ede80000)
 ParOldGen       total 64512K, used 8468K [0x00000000c0000000, 0x00000000c3f00000, 0x00000000eab00000)
  object space 64512K, 13% used [0x00000000c0000000,0x00000000c0845100,0x00000000c3f00000)
 Metaspace       used 20646K, capacity 21010K, committed 21296K, reserved 1067008K
  class space    used 2713K, capacity 2857K, committed 2944K, reserved 1048576K
Event: 3.802 GC heap after
Heap after GC invocations=5 (full 0):
 PSYoungGen      total 52736K, used 3568K [0x00000000eab00000, 0x00000000f1c00000, 0x0000000100000000)
  eden space 49152K, 0% used [0x00000000eab00000,0x00000000eab00000,0x00000000edb00000)
  from space 3584K, 99% used [0x00000000edb00000,0x00000000ede7c010,0x00000000ede80000)
  to   space 8704K, 0% used [0x00000000f1380000,0x00000000f1380000,0x00000000f1c00000)
 ParOldGen       total 64512K, used 10866K [0x00000000c0000000, 0x00000000c3f00000, 0x00000000eab00000)
  object space 64512K, 16% used [0x00000000c0000000,0x00000000c0a9c8b0,0x00000000c3f00000)
 Metaspace       used 20646K, capacity 21010K, committed 21296K, reserved 1067008K
  class space    used 2713K, capacity 2857K, committed 2944K, reserved 1048576K
}
Event: 4.218 GC heap before
{Heap before GC invocations=6 (full 0):
 PSYoungGen      total 52736K, used 52720K [0x00000000eab00000, 0x00000000f1c00000, 0x0000000100000000)
  eden space 49152K, 100% used [0x00000000eab00000,0x00000000edb00000,0x00000000edb00000)
  from space 3584K, 99% used [0x00000000edb00000,0x00000000ede7c010,0x00000000ede80000)
  to   space 8704K, 0% used [0x00000000f1380000,0x00000000f1380000,0x00000000f1c00000)
 ParOldGen       total 64512K, used 10866K [0x00000000c0000000, 0x00000000c3f00000, 0x00000000eab00000)
  object space 64512K, 16% used [0x00000000c0000000,0x00000000c0a9c8b0,0x00000000c3f00000)
 Metaspace       used 20692K, capacity 21074K, committed 21296K, reserved 1067008K
  class space    used 2713K, capacity 2857K, committed 2944K, reserved 1048576K
Event: 4.235 GC heap after
Heap after GC invocations=6 (full 0):
 PSYoungGen      total 107008K, used 4080K [0x00000000eab00000, 0x00000000f1c00000, 0x0000000100000000)
  eden space 98304K, 0% used [0x00000000eab00000,0x00000000eab00000,0x00000000f0b00000)
  from space 8704K, 46% used [0x00000000f1380000,0x00000000f177c030,0x00000000f1c00000)
  to   space 8704K, 0% used [0x00000000f0b00000,0x00000000f0b00000,0x00000000f1380000)
 ParOldGen       total 64512K, used 10874K [0x00000000c0000000, 0x00000000c3f00000, 0x00000000eab00000)
  object space 64512K, 16% used [0x00000000c0000000,0x00000000c0a9e8b0,0x00000000c3f00000)
 Metaspace       used 20692K, capacity 21074K, committed 21296K, reserved 1067008K
  class space    used 2713K, capacity 2857K, committed 2944K, reserved 1048576K
}
Event: 4.944 GC heap before
{Heap before GC invocations=7 (full 0):
 PSYoungGen      total 107008K, used 102384K [0x00000000eab00000, 0x00000000f1c00000, 0x0000000100000000)
  eden space 98304K, 100% used [0x00000000eab00000,0x00000000f0b00000,0x00000000f0b00000)
  from space 8704K, 46% used [0x00000000f1380000,0x00000000f177c030,0x00000000f1c00000)
  to   space 8704K, 0% used [0x00000000f0b00000,0x00000000f0b00000,0x00000000f1380000)
 ParOldGen       total 64512K, used 10874K [0x00000000c0000000, 0x00000000c3f00000, 0x00000000eab00000)
  object space 64512K, 16% used [0x00000000c0000000,0x00000000c0a9e8b0,0x00000000c3f00000)
 Metaspace       used 20722K, capacity 21138K, committed 21296K, reserved 1067008K
  class space    used 2713K, capacity 2857K, committed 2944K, reserved 1048576K
Event: 4.991 GC heap after
Heap after GC invocations=7 (full 0):
 PSYoungGen      total 107008K, used 3840K [0x00000000eab00000, 0x00000000f7c00000, 0x0000000100000000)
  eden space 98304K, 0% used [0x00000000eab00000,0x00000000eab00000,0x00000000f0b00000)
  from space 8704K, 44% used [0x00000000f0b00000,0x00000000f0ec0020,0x00000000f1380000)
  to   space 8704K, 0% used [0x00000000f7380000,0x00000000f7380000,0x00000000f7c00000)
 ParOldGen       total 64512K, used 12046K [0x00000000c0000000, 0x00000000c3f00000, 0x00000000eab00000)
  object space 64512K, 18% used [0x00000000c0000000,0x00000000c0bc3980,0x00000000c3f00000)
 Metaspace       used 20722K, capacity 21138K, committed 21296K, reserved 1067008K
  class space    used 2713K, capacity 2857K, committed 2944K, reserved 1048576K
}
Event: 5.184 GC heap before
{Heap before GC invocations=8 (full 0):
 PSYoungGen      total 107008K, used 36563K [0x00000000eab00000, 0x00000000f7c00000, 0x0000000100000000)
  eden space 98304K, 33% used [0x00000000eab00000,0x00000000ecaf4f20,0x00000000f0b00000)
  from space 8704K, 44% used [0x00000000f0b00000,0x00000000f0ec0020,0x00000000f1380000)
  to   space 8704K, 0% used [0x00000000f7380000,0x00000000f7380000,0x00000000f7c00000)
 ParOldGen       total 64512K, used 12046K [0x00000000c0000000, 0x00000000c3f00000, 0x00000000eab00000)
  object space 64512K, 18% used [0x00000000c0000000,0x00000000c0bc3980,0x00000000c3f00000)
 Metaspace       used 20736K, capacity 21138K, committed 21296K, reserved 1067008K
  class space    used 2713K, capacity 2857K, committed 2944K, reserved 1048576K
Event: 5.211 GC heap after
Heap after GC invocations=8 (full 0):
 PSYoungGen      total 205312K, used 2144K [0x00000000eab00000, 0x00000000f7c00000, 0x0000000100000000)
  eden space 196608K, 0% used [0x00000000eab00000,0x00000000eab00000,0x00000000f6b00000)
  from space 8704K, 24% used [0x00000000f7380000,0x00000000f7598020,0x00000000f7c00000)
  to   space 8704K, 0% used [0x00000000f6b00000,0x00000000f6b00000,0x00000000f7380000)
 ParOldGen       total 64512K, used 14233K [0x00000000c0000000, 0x00000000c3f00000, 0x00000000eab00000)
  object space 64512K, 22% used [0x00000000c0000000,0x00000000c0de6530,0x00000000c3f00000)
 Metaspace       used 20736K, capacity 21138K, committed 21296K, reserved 1067008K
  class space    used 2713K, capacity 2857K, committed 2944K, reserved 1048576K
}
Event: 5.211 GC heap before
{Heap before GC invocations=9 (full 1):
 PSYoungGen      total 205312K, used 2144K [0x00000000eab00000, 0x00000000f7c00000, 0x0000000100000000)
  eden space 196608K, 0% used [0x00000000eab00000,0x00000000eab00000,0x00000000f6b00000)
  from space 8704K, 24% used [0x00000000f7380000,0x00000000f7598020,0x00000000f7c00000)
  to   space 8704K, 0% used [0x00000000f6b00000,0x00000000f6b00000,0x00000000f7380000)
 ParOldGen       total 64512K, used 14233K [0x00000000c0000000, 0x00000000c3f00000, 0x00000000eab00000)
  object space 64512K, 22% used [0x00000000c0000000,0x00000000c0de6530,0x00000000c3f00000)
 Metaspace       used 20736K, capacity 21138K, committed 21296K, reserved 1067008K
  class space    used 2713K, capacity 2857K, committed 2944K, reserved 1048576K

