# JRE version: Java(TM) SE Runtime Environment (8.0_91-b14) (build 1.8.0_91-b14)
# Java VM: Java HotSpot(TM) 64-Bit Server VM (25.91-b14 mixed mode linux-amd64 compressed oops)
Heap:
 PSYoungGen      total 113152K, used 113151K [0x00000000eab00000, 0x00000000f6880000, 0x0000000100000000)
  eden space 86528K, 100% used [0x00000000eab00000,0x00000000eff80000,0x00000000eff80000)
  from space 26624K, 99% used [0x00000000eff80000,0x00000000f197fc58,0x00000000f1980000)
  to   space 34304K, 99% used [0x00000000f4700000,0x00000000f687b730,0x00000000f6880000)
 ParOldGen       total 101888K, used 72396K [0x00000000c0000000, 0x00000000c6380000, 0x00000000eab00000)
  object space 101888K, 71% used [0x00000000c0000000,0x00000000c46b30e0,0x00000000c6380000)
 Metaspace       used 5868K, capacity 7024K, committed 7296K, reserved 1056768K
  class space    used 575K, capacity 616K, committed 640K, reserved 1048576K
GC Heap History (10 events):
Event: 2.673 GC heap after
Heap after GC invocations=4 (full 0):
 PSYoungGen      total 51712K, used 3565K [0x00000000eab00000, 0x00000000ee100000, 0x0000000100000000)
  eden space 48128K, 0% used [0x00000000eab00000,0x00000000eab00000,0x00000000eda00000)
  from space 3584K, 99% used [0x00000000edd80000,0x00000000ee0fb6b0,0x00000000ee100000)
  to   space 3584K, 0% used [0x00000000eda00000,0x00000000eda00000,0x00000000edd80000)
 ParOldGen       total 62976K, used 27923K [0x00000000c0000000, 0x00000000c3d80000, 0x00000000eab00000)
  object space 62976K, 44% used [0x00000000c0000000,0x00000000c1b44f48,0x00000000c3d80000)
 Metaspace       used 5704K, capacity 6896K, committed 7040K, reserved 1056768K
  class space    used 573K, capacity 616K, committed 640K, reserved 1048576K
}
Event: 2.891 GC heap before
{Heap before GC invocations=5 (full 0):
 PSYoungGen      total 51712K, used 51693K [0x00000000eab00000, 0x00000000ee100000, 0x0000000100000000)
  eden space 48128K, 100% used [0x00000000eab00000,0x00000000eda00000,0x00000000eda00000)
  from space 3584K, 99% used [0x00000000edd80000,0x00000000ee0fb6b0,0x00000000ee100000)
  to   space 3584K, 0% used [0x00000000eda00000,0x00000000eda00000,0x00000000edd80000)
 ParOldGen       total 62976K, used 27923K [0x00000000c0000000, 0x00000000c3d80000, 0x00000000eab00000)
  object space 62976K, 44% used [0x00000000c0000000,0x00000000c1b44f48,0x00000000c3d80000)
 Metaspace       used 5713K, capacity 6896K, committed 7040K, reserved 1056768K
  class space    used 573K, capacity 616K, committed 640K, reserved 1048576K
Event: 2.936 GC heap after
Heap after GC invocations=5 (full 0):
 PSYoungGen      total 51712K, used 3561K [0x00000000eab00000, 0x00000000f3d00000, 0x0000000100000000)
  eden space 48128K, 0% used [0x00000000eab00000,0x00000000eab00000,0x00000000eda00000)
  from space 3584K, 99% used [0x00000000eda00000,0x00000000edd7a408,0x00000000edd80000)
  to   space 26624K, 0% used [0x00000000f2300000,0x00000000f2300000,0x00000000f3d00000)
 ParOldGen       total 62976K, used 49160K [0x00000000c0000000, 0x00000000c3d80000, 0x00000000eab00000)
  object space 62976K, 78% used [0x00000000c0000000,0x00000000c30023c0,0x00000000c3d80000)
 Metaspace       used 5713K, capacity 6896K, committed 7040K, reserved 1056768K
  class space    used 573K, capacity 616K, committed 640K, reserved 1048576K
}
Event: 2.936 GC heap before
{Heap before GC invocations=6 (full 1):
 PSYoungGen      total 51712K, used 3561K [0x00000000eab00000, 0x00000000f3d00000, 0x0000000100000000)
  eden space 48128K, 0% used [0x00000000eab00000,0x00000000eab00000,0x00000000eda00000)
  from space 3584K, 99% used [0x00000000eda00000,0x00000000edd7a408,0x00000000edd80000)
  to   space 26624K, 0% used [0x00000000f2300000,0x00000000f2300000,0x00000000f3d00000)
 ParOldGen       total 62976K, used 49160K [0x00000000c0000000, 0x00000000c3d80000, 0x00000000eab00000)
  object space 62976K, 78% used [0x00000000c0000000,0x00000000c30023c0,0x00000000c3d80000)
 Metaspace       used 5713K, capacity 6896K, committed 7040K, reserved 1056768K
  class space    used 573K, capacity 616K, committed 640K, reserved 1048576K
Event: 3.137 GC heap after
Heap after GC invocations=6 (full 1):
 PSYoungGen      total 51712K, used 0K [0x00000000eab00000, 0x00000000f3d00000, 0x0000000100000000)
  eden space 48128K, 0% used [0x00000000eab00000,0x00000000eab00000,0x00000000eda00000)
  from space 3584K, 0% used [0x00000000eda00000,0x00000000eda00000,0x00000000edd80000)
  to   space 26624K, 0% used [0x00000000f2300000,0x00000000f2300000,0x00000000f3d00000)
 ParOldGen       total 101888K, used 45597K [0x00000000c0000000, 0x00000000c6380000, 0x00000000eab00000)
  object space 101888K, 44% used [0x00000000c0000000,0x00000000c2c876a0,0x00000000c6380000)
 Metaspace       used 5713K, capacity 6896K, committed 7040K, reserved 1056768K
  class space    used 573K, capacity 616K, committed 640K, reserved 1048576K
}
Event: 3.493 GC heap before
{Heap before GC invocations=7 (full 1):
 PSYoungGen      total 51712K, used 48128K [0x00000000eab00000, 0x00000000f3d00000, 0x0000000100000000)
  eden space 48128K, 100% used [0x00000000eab00000,0x00000000eda00000,0x00000000eda00000)
  from space 3584K, 0% used [0x00000000eda00000,0x00000000eda00000,0x00000000edd80000)
  to   space 26624K, 0% used [0x00000000f2300000,0x00000000f2300000,0x00000000f3d00000)
 ParOldGen       total 101888K, used 45597K [0x00000000c0000000, 0x00000000c6380000, 0x00000000eab00000)
  object space 101888K, 44% used [0x00000000c0000000,0x00000000c2c876a0,0x00000000c6380000)
 Metaspace       used 5749K, capacity 6960K, committed 7040K, reserved 1056768K
  class space    used 575K, capacity 616K, committed 640K, reserved 1048576K
Event: 3.545 GC heap after
Heap after GC invocations=7 (full 1):
 PSYoungGen      total 94720K, used 16492K [0x00000000eab00000, 0x00000000f3380000, 0x0000000100000000)
  eden space 77824K, 0% used [0x00000000eab00000,0x00000000eab00000,0x00000000ef700000)
  from space 16896K, 97% used [0x00000000f2300000,0x00000000f331b108,0x00000000f3380000)
  to   space 26624K, 0% used [0x00000000eff80000,0x00000000eff80000,0x00000000f1980000)
 ParOldGen       total 101888K, used 45605K [0x00000000c0000000, 0x00000000c6380000, 0x00000000eab00000)
  object space 101888K, 44% used [0x00000000c0000000,0x00000000c2c896a0,0x00000000c6380000)
 Metaspace       used 5749K, capacity 6960K, committed 7040K, reserved 1056768K
  class space    used 575K, capacity 616K, committed 640K, reserved 1048576K
}
Event: 4.142 GC heap before
{Heap before GC invocations=8 (full 1):
 PSYoungGen      total 94720K, used 94316K [0x00000000eab00000, 0x00000000f3380000, 0x0000000100000000)
  eden space 77824K, 100% used [0x00000000eab00000,0x00000000ef700000,0x00000000ef700000)
  from space 16896K, 97% used [0x00000000f2300000,0x00000000f331b108,0x00000000f3380000)
  to   space 26624K, 0% used [0x00000000eff80000,0x00000000eff80000,0x00000000f1980000)
 ParOldGen       total 101888K, used 45605K [0x00000000c0000000, 0x00000000c6380000, 0x00000000eab00000)
  object space 101888K, 44% used [0x00000000c0000000,0x00000000c2c896a0,0x00000000c6380000)
 Metaspace       used 5847K, capacity 7024K, committed 7296K, reserved 1056768K
  class space    used 575K, capacity 616K, committed 640K, reserved 1048576K
Event: 4.207 GC heap after
Heap after GC invocations=8 (full 1):
 PSYoungGen      total 113152K, used 26623K [0x00000000eab00000, 0x00000000f6880000, 0x0000000100000000)
  eden space 86528K, 0% used [0x00000000eab00000,0x00000000eab00000,0x00000000eff80000)
  from space 26624K, 99% used [0x00000000eff80000,0x00000000f197fc58,0x00000000f1980000)
  to   space 34304K, 0% used [0x00000000f4700000,0x00000000f4700000,0x00000000f6880000)
 ParOldGen       total 101888K, used 51925K [0x00000000c0000000, 0x00000000c6380000, 0x00000000eab00000)
  object space 101888K, 50% used [0x00000000c0000000,0x00000000c32b5650,0x00000000c6380000)
 Metaspace       used 5847K, capacity 7024K, committed 7296K, reserved 1056768K
  class space    used 575K, capacity 616K, committed 640K, reserved 1048576K
}
Event: 4.621 GC heap before
{Heap before GC invocations=9 (full 1):
 PSYoungGen      total 113152K, used 113151K [0x00000000eab00000, 0x00000000f6880000, 0x0000000100000000)
  eden space 86528K, 100% used [0x00000000eab00000,0x00000000eff80000,0x00000000eff80000)
  from space 26624K, 99% used [0x00000000eff80000,0x00000000f197fc58,0x00000000f1980000)
  to   space 34304K, 0% used [0x00000000f4700000,0x00000000f4700000,0x00000000f6880000)
 ParOldGen       total 101888K, used 51925K [0x00000000c0000000, 0x00000000c6380000, 0x00000000eab00000)
  object space 101888K, 50% used [0x00000000c0000000,0x00000000c32b5650,0x00000000c6380000)
 Metaspace       used 5868K, capacity 7024K, committed 7296K, reserved 1056768K
  class space    used 575K, capacity 616K, committed 640K, reserved 1048576K

