# JRE version: Java(TM) SE Runtime Environment (8.0_91-b14) (build 1.8.0_91-b14)
# Java VM: Java HotSpot(TM) 64-Bit Server VM (25.91-b14 mixed mode linux-amd64 compressed oops)
Heap:
 PSYoungGen      total 220672K, used 41443K [0x00000000eab00000, 0x0000000100000000, 0x0000000100000000)
  eden space 179200K, 0% used [0x00000000eab00000,0x00000000eab00000,0x00000000f5a00000)
  from space 41472K, 99% used [0x00000000f5a00000,0x00000000f8278ca8,0x00000000f8280000)
  to   space 69120K, 0% used [0x00000000fbc80000,0x00000000fbc80000,0x0000000100000000)
 ParOldGen       total 103424K, used 94021K [0x00000000c0000000, 0x00000000c6500000, 0x00000000eab00000)
  object space 103424K, 90% used [0x00000000c0000000,0x00000000c5bd17c0,0x00000000c6500000)
 Metaspace       used 6332K, capacity 7192K, committed 7424K, reserved 1056768K
  class space    used 614K, capacity 656K, committed 768K, reserved 1048576K
GC Heap History (10 events):
Event: 4.445 GC heap after
Heap after GC invocations=6 (full 0):
 PSYoungGen      total 108544K, used 9968K [0x00000000eab00000, 0x00000000f2500000, 0x0000000100000000)
  eden space 95232K, 0% used [0x00000000eab00000,0x00000000eab00000,0x00000000f0800000)
  from space 13312K, 74% used [0x00000000f1600000,0x00000000f1fbc010,0x00000000f2300000)
  to   space 14336K, 0% used [0x00000000f0800000,0x00000000f0800000,0x00000000f1600000)
 ParOldGen       total 62976K, used 17446K [0x00000000c0000000, 0x00000000c3d80000, 0x00000000eab00000)
  object space 62976K, 27% used [0x00000000c0000000,0x00000000c11098d8,0x00000000c3d80000)
 Metaspace       used 6081K, capacity 7000K, committed 7168K, reserved 1056768K
  class space    used 612K, capacity 656K, committed 768K, reserved 1048576K
}
Event: 11.861 GC heap before
{Heap before GC invocations=7 (full 0):
 PSYoungGen      total 108544K, used 105200K [0x00000000eab00000, 0x00000000f2500000, 0x0000000100000000)
  eden space 95232K, 100% used [0x00000000eab00000,0x00000000f0800000,0x00000000f0800000)
  from space 13312K, 74% used [0x00000000f1600000,0x00000000f1fbc010,0x00000000f2300000)
  to   space 14336K, 0% used [0x00000000f0800000,0x00000000f0800000,0x00000000f1600000)
 ParOldGen       total 62976K, used 17446K [0x00000000c0000000, 0x00000000c3d80000, 0x00000000eab00000)
  object space 62976K, 27% used [0x00000000c0000000,0x00000000c11098d8,0x00000000c3d80000)
 Metaspace       used 6122K, capacity 7064K, committed 7424K, reserved 1056768K
  class space    used 612K, capacity 656K, committed 768K, reserved 1048576K
Event: 12.122 GC heap after
Heap after GC invocations=7 (full 0):
 PSYoungGen      total 109568K, used 14323K [0x00000000eab00000, 0x00000000fa000000, 0x0000000100000000)
  eden space 95232K, 0% used [0x00000000eab00000,0x00000000eab00000,0x00000000f0800000)
  from space 14336K, 99% used [0x00000000f0800000,0x00000000f15fcf20,0x00000000f1600000)
  to   space 30208K, 0% used [0x00000000f8280000,0x00000000f8280000,0x00000000fa000000)
 ParOldGen       total 62976K, used 43813K [0x00000000c0000000, 0x00000000c3d80000, 0x00000000eab00000)
  object space 62976K, 69% used [0x00000000c0000000,0x00000000c2ac97a0,0x00000000c3d80000)
 Metaspace       used 6122K, capacity 7064K, committed 7424K, reserved 1056768K
  class space    used 612K, capacity 656K, committed 768K, reserved 1048576K
}
Event: 13.825 GC heap before
{Heap before GC invocations=8 (full 0):
 PSYoungGen      total 109568K, used 109555K [0x00000000eab00000, 0x00000000fa000000, 0x0000000100000000)
  eden space 95232K, 100% used [0x00000000eab00000,0x00000000f0800000,0x00000000f0800000)
  from space 14336K, 99% used [0x00000000f0800000,0x00000000f15fcf20,0x00000000f1600000)
  to   space 30208K, 0% used [0x00000000f8280000,0x00000000f8280000,0x00000000fa000000)
 ParOldGen       total 62976K, used 43813K [0x00000000c0000000, 0x00000000c3d80000, 0x00000000eab00000)
  object space 62976K, 69% used [0x00000000c0000000,0x00000000c2ac97a0,0x00000000c3d80000)
 Metaspace       used 6142K, capacity 7064K, committed 7424K, reserved 1056768K
  class space    used 614K, capacity 656K, committed 768K, reserved 1048576K
Event: 14.016 GC heap after
Heap after GC invocations=8 (full 0):
 PSYoungGen      total 209408K, used 30180K [0x00000000eab00000, 0x00000000fb600000, 0x0000000100000000)
  eden space 179200K, 0% used [0x00000000eab00000,0x00000000eab00000,0x00000000f5a00000)
  from space 30208K, 99% used [0x00000000f8280000,0x00000000f9ff90f8,0x00000000fa000000)
  to   space 41472K, 0% used [0x00000000f5a00000,0x00000000f5a00000,0x00000000f8280000)
 ParOldGen       total 62976K, used 56856K [0x00000000c0000000, 0x00000000c3d80000, 0x00000000eab00000)
  object space 62976K, 90% used [0x00000000c0000000,0x00000000c37861e0,0x00000000c3d80000)
 Metaspace       used 6142K, capacity 7064K, committed 7424K, reserved 1056768K
  class space    used 614K, capacity 656K, committed 768K, reserved 1048576K
}
Event: 14.016 GC heap before
{Heap before GC invocations=9 (full 1):
 PSYoungGen      total 209408K, used 30180K [0x00000000eab00000, 0x00000000fb600000, 0x0000000100000000)
  eden space 179200K, 0% used [0x00000000eab00000,0x00000000eab00000,0x00000000f5a00000)
  from space 30208K, 99% used [0x00000000f8280000,0x00000000f9ff90f8,0x00000000fa000000)
  to   space 41472K, 0% used [0x00000000f5a00000,0x00000000f5a00000,0x00000000f8280000)
 ParOldGen       total 62976K, used 56856K [0x00000000c0000000, 0x00000000c3d80000, 0x00000000eab00000)
  object space 62976K, 90% used [0x00000000c0000000,0x00000000c37861e0,0x00000000c3d80000)
 Metaspace       used 6142K, capacity 7064K, committed 7424K, reserved 1056768K
  class space    used 614K, capacity 656K, committed 768K, reserved 1048576K
Event: 15.242 GC heap after
Heap after GC invocations=9 (full 1):
 PSYoungGen      total 209408K, used 0K [0x00000000eab00000, 0x00000000fb600000, 0x0000000100000000)
  eden space 179200K, 0% used [0x00000000eab00000,0x00000000eab00000,0x00000000f5a00000)
  from space 30208K, 0% used [0x00000000f8280000,0x00000000f8280000,0x00000000fa000000)
  to   space 41472K, 0% used [0x00000000f5a00000,0x00000000f5a00000,0x00000000f8280000)
 ParOldGen       total 103424K, used 44647K [0x00000000c0000000, 0x00000000c6500000, 0x00000000eab00000)
  object space 103424K, 43% used [0x00000000c0000000,0x00000000c2b99dc0,0x00000000c6500000)
 Metaspace       used 6142K, capacity 7064K, committed 7424K, reserved 1056768K
  class space    used 614K, capacity 656K, committed 768K, reserved 1048576K
}
Event: 18.492 GC heap before
{Heap before GC invocations=10 (full 1):
 PSYoungGen      total 209408K, used 179200K [0x00000000eab00000, 0x00000000fb600000, 0x0000000100000000)
  eden space 179200K, 100% used [0x00000000eab00000,0x00000000f5a00000,0x00000000f5a00000)
  from space 30208K, 0% used [0x00000000f8280000,0x00000000f8280000,0x00000000fa000000)
  to   space 41472K, 0% used [0x00000000f5a00000,0x00000000f5a00000,0x00000000f8280000)
 ParOldGen       total 103424K, used 44647K [0x00000000c0000000, 0x00000000c6500000, 0x00000000eab00000)
  object space 103424K, 43% used [0x00000000c0000000,0x00000000c2b99dc0,0x00000000c6500000)
 Metaspace       used 6332K, capacity 7192K, committed 7424K, reserved 1056768K
  class space    used 614K, capacity 656K, committed 768K, reserved 1048576K
Event: 18.861 GC heap after
Heap after GC invocations=10 (full 1):
 PSYoungGen      total 220672K, used 41443K [0x00000000eab00000, 0x0000000100000000, 0x0000000100000000)
  eden space 179200K, 0% used [0x00000000eab00000,0x00000000eab00000,0x00000000f5a00000)
  from space 41472K, 99% used [0x00000000f5a00000,0x00000000f8278ca8,0x00000000f8280000)
  to   space 69120K, 0% used [0x00000000fbc80000,0x00000000fbc80000,0x0000000100000000)
 ParOldGen       total 103424K, used 94021K [0x00000000c0000000, 0x00000000c6500000, 0x00000000eab00000)
  object space 103424K, 90% used [0x00000000c0000000,0x00000000c5bd17c0,0x00000000c6500000)
 Metaspace       used 6332K, capacity 7192K, committed 7424K, reserved 1056768K
  class space    used 614K, capacity 656K, committed 768K, reserved 1048576K
}
Event: 18.861 GC heap before
{Heap before GC invocations=11 (full 2):
 PSYoungGen      total 220672K, used 41443K [0x00000000eab00000, 0x0000000100000000, 0x0000000100000000)
  eden space 179200K, 0% used [0x00000000eab00000,0x00000000eab00000,0x00000000f5a00000)
  from space 41472K, 99% used [0x00000000f5a00000,0x00000000f8278ca8,0x00000000f8280000)
  to   space 69120K, 0% used [0x00000000fbc80000,0x00000000fbc80000,0x0000000100000000)
 ParOldGen       total 103424K, used 94021K [0x00000000c0000000, 0x00000000c6500000, 0x00000000eab00000)
  object space 103424K, 90% used [0x00000000c0000000,0x00000000c5bd17c0,0x00000000c6500000)
 Metaspace       used 6332K, capacity 7192K, committed 7424K, reserved 1056768K
  class space    used 614K, capacity 656K, committed 768K, reserved 1048576K

