# JRE version: Java(TM) SE Runtime Environment (8.0_91-b14) (build 1.8.0_91-b14)
# Java VM: Java HotSpot(TM) 64-Bit Server VM (25.91-b14 mixed mode linux-amd64 compressed oops)
Heap:
 PSYoungGen      total 252416K, used 61168K [0x00000000eab00000, 0x00000000ffa00000, 0x0000000100000000)
  eden space 208384K, 8% used [0x00000000eab00000,0x00000000ebbc1c88,0x00000000f7680000)
  from space 44032K, 99% used [0x00000000faf80000,0x00000000fda7a5b8,0x00000000fda80000)
  to   space 58368K, 0% used [0x00000000f7680000,0x00000000f7680000,0x00000000faf80000)
 ParOldGen       total 81920K, used 56178K [0x00000000c0000000, 0x00000000c5000000, 0x00000000eab00000)
  object space 81920K, 68% used [0x00000000c0000000,0x00000000c36dcab8,0x00000000c5000000)
 Metaspace       used 6273K, capacity 7344K, committed 7552K, reserved 1056768K
  class space    used 594K, capacity 616K, committed 640K, reserved 1048576K
GC Heap History (10 events):
Event: 6.274 GC heap before
{Heap before GC invocations=5 (full 1):
 PSYoungGen      total 101888K, used 3571K [0x00000000eab00000, 0x00000000f1200000, 0x0000000100000000)
  eden space 98304K, 0% used [0x00000000eab00000,0x00000000eab00000,0x00000000f0b00000)
  from space 3584K, 99% used [0x00000000f0e80000,0x00000000f11fccb0,0x00000000f1200000)
  to   space 3584K, 0% used [0x00000000f0b00000,0x00000000f0b00000,0x00000000f0e80000)
 ParOldGen       total 64512K, used 47029K [0x00000000c0000000, 0x00000000c3f00000, 0x00000000eab00000)
  object space 64512K, 72% used [0x00000000c0000000,0x00000000c2ded778,0x00000000c3f00000)
 Metaspace       used 5703K, capacity 6896K, committed 7040K, reserved 1056768K
  class space    used 575K, capacity 616K, committed 640K, reserved 1048576K
Event: 6.789 GC heap after
Heap after GC invocations=5 (full 1):
 PSYoungGen      total 101888K, used 0K [0x00000000eab00000, 0x00000000f1200000, 0x0000000100000000)
  eden space 98304K, 0% used [0x00000000eab00000,0x00000000eab00000,0x00000000f0b00000)
  from space 3584K, 0% used [0x00000000f0e80000,0x00000000f0e80000,0x00000000f1200000)
  to   space 3584K, 0% used [0x00000000f0b00000,0x00000000f0b00000,0x00000000f0e80000)
 ParOldGen       total 81920K, used 20647K [0x00000000c0000000, 0x00000000c5000000, 0x00000000eab00000)
  object space 81920K, 25% used [0x00000000c0000000,0x00000000c1429d98,0x00000000c5000000)
 Metaspace       used 5703K, capacity 6896K, committed 7040K, reserved 1056768K
  class space    used 575K, capacity 616K, committed 640K, reserved 1048576K
}
Event: 8.159 GC heap before
{Heap before GC invocations=6 (full 1):
 PSYoungGen      total 101888K, used 98304K [0x00000000eab00000, 0x00000000f1200000, 0x0000000100000000)
  eden space 98304K, 100% used [0x00000000eab00000,0x00000000f0b00000,0x00000000f0b00000)
  from space 3584K, 0% used [0x00000000f0e80000,0x00000000f0e80000,0x00000000f1200000)
  to   space 3584K, 0% used [0x00000000f0b00000,0x00000000f0b00000,0x00000000f0e80000)
 ParOldGen       total 81920K, used 20647K [0x00000000c0000000, 0x00000000c5000000, 0x00000000eab00000)
  object space 81920K, 25% used [0x00000000c0000000,0x00000000c1429d98,0x00000000c5000000)
 Metaspace       used 5786K, capacity 6960K, committed 7040K, reserved 1056768K
  class space    used 575K, capacity 616K, committed 640K, reserved 1048576K
Event: 8.239 GC heap after
Heap after GC invocations=6 (full 1):
 PSYoungGen      total 101888K, used 3581K [0x00000000eab00000, 0x00000000f7080000, 0x0000000100000000)
  eden space 98304K, 0% used [0x00000000eab00000,0x00000000eab00000,0x00000000f0b00000)
  from space 3584K, 99% used [0x00000000f0b00000,0x00000000f0e7f668,0x00000000f0e80000)
  to   space 27136K, 0% used [0x00000000f5600000,0x00000000f5600000,0x00000000f7080000)
 ParOldGen       total 81920K, used 28534K [0x00000000c0000000, 0x00000000c5000000, 0x00000000eab00000)
  object space 81920K, 34% used [0x00000000c0000000,0x00000000c1bdda00,0x00000000c5000000)
 Metaspace       used 5786K, capacity 6960K, committed 7040K, reserved 1056768K
  class space    used 575K, capacity 616K, committed 640K, reserved 1048576K
}
Event: 9.580 GC heap before
{Heap before GC invocations=7 (full 1):
 PSYoungGen      total 101888K, used 101885K [0x00000000eab00000, 0x00000000f7080000, 0x0000000100000000)
  eden space 98304K, 100% used [0x00000000eab00000,0x00000000f0b00000,0x00000000f0b00000)
  from space 3584K, 99% used [0x00000000f0b00000,0x00000000f0e7f668,0x00000000f0e80000)
  to   space 27136K, 0% used [0x00000000f5600000,0x00000000f5600000,0x00000000f7080000)
 ParOldGen       total 81920K, used 28534K [0x00000000c0000000, 0x00000000c5000000, 0x00000000eab00000)
  object space 81920K, 34% used [0x00000000c0000000,0x00000000c1bdda00,0x00000000c5000000)
 Metaspace       used 5888K, capacity 7024K, committed 7296K, reserved 1056768K
  class space    used 575K, capacity 616K, committed 640K, reserved 1048576K
Event: 9.797 GC heap after
Heap after GC invocations=7 (full 1):
 PSYoungGen      total 168960K, used 27124K [0x00000000eab00000, 0x00000000f8100000, 0x0000000100000000)
  eden space 141824K, 0% used [0x00000000eab00000,0x00000000eab00000,0x00000000f3580000)
  from space 27136K, 99% used [0x00000000f5600000,0x00000000f707d058,0x00000000f7080000)
  to   space 33280K, 0% used [0x00000000f3580000,0x00000000f3580000,0x00000000f5600000)
 ParOldGen       total 81920K, used 30710K [0x00000000c0000000, 0x00000000c5000000, 0x00000000eab00000)
  object space 81920K, 37% used [0x00000000c0000000,0x00000000c1dfdae0,0x00000000c5000000)
 Metaspace       used 5888K, capacity 7024K, committed 7296K, reserved 1056768K
  class space    used 575K, capacity 616K, committed 640K, reserved 1048576K
}
Event: 12.636 GC heap before
{Heap before GC invocations=8 (full 1):
 PSYoungGen      total 168960K, used 168948K [0x00000000eab00000, 0x00000000f8100000, 0x0000000100000000)
  eden space 141824K, 100% used [0x00000000eab00000,0x00000000f3580000,0x00000000f3580000)
  from space 27136K, 99% used [0x00000000f5600000,0x00000000f707d058,0x00000000f7080000)
  to   space 33280K, 0% used [0x00000000f3580000,0x00000000f3580000,0x00000000f5600000)
 ParOldGen       total 81920K, used 30710K [0x00000000c0000000, 0x00000000c5000000, 0x00000000eab00000)
  object space 81920K, 37% used [0x00000000c0000000,0x00000000c1dfdae0,0x00000000c5000000)
 Metaspace       used 5931K, capacity 7088K, committed 7296K, reserved 1056768K
  class space    used 575K, capacity 616K, committed 640K, reserved 1048576K
Event: 13.029 GC heap after
Heap after GC invocations=8 (full 1):
 PSYoungGen      total 175104K, used 33264K [0x00000000eab00000, 0x00000000fda80000, 0x0000000100000000)
  eden space 141824K, 0% used [0x00000000eab00000,0x00000000eab00000,0x00000000f3580000)
  from space 33280K, 99% used [0x00000000f3580000,0x00000000f55fc1a0,0x00000000f5600000)
  to   space 44032K, 0% used [0x00000000faf80000,0x00000000faf80000,0x00000000fda80000)
 ParOldGen       total 81920K, used 40216K [0x00000000c0000000, 0x00000000c5000000, 0x00000000eab00000)
  object space 81920K, 49% used [0x00000000c0000000,0x00000000c2746038,0x00000000c5000000)
 Metaspace       used 5931K, capacity 7088K, committed 7296K, reserved 1056768K
  class space    used 575K, capacity 616K, committed 640K, reserved 1048576K
}
Event: 14.966 GC heap before
{Heap before GC invocations=9 (full 1):
 PSYoungGen      total 175104K, used 175088K [0x00000000eab00000, 0x00000000fda80000, 0x0000000100000000)
  eden space 141824K, 100% used [0x00000000eab00000,0x00000000f3580000,0x00000000f3580000)
  from space 33280K, 99% used [0x00000000f3580000,0x00000000f55fc1a0,0x00000000f5600000)
  to   space 44032K, 0% used [0x00000000faf80000,0x00000000faf80000,0x00000000fda80000)
 ParOldGen       total 81920K, used 40216K [0x00000000c0000000, 0x00000000c5000000, 0x00000000eab00000)
  object space 81920K, 49% used [0x00000000c0000000,0x00000000c2746038,0x00000000c5000000)
 Metaspace       used 5979K, capacity 7088K, committed 7296K, reserved 1056768K
  class space    used 575K, capacity 616K, committed 640K, reserved 1048576K
Event: 15.296 GC heap after
Heap after GC invocations=9 (full 1):
 PSYoungGen      total 252416K, used 44009K [0x00000000eab00000, 0x00000000ffa00000, 0x0000000100000000)
  eden space 208384K, 0% used [0x00000000eab00000,0x00000000eab00000,0x00000000f7680000)
  from space 44032K, 99% used [0x00000000faf80000,0x00000000fda7a5b8,0x00000000fda80000)
  to   space 58368K, 0% used [0x00000000f7680000,0x00000000f7680000,0x00000000faf80000)
 ParOldGen       total 81920K, used 56178K [0x00000000c0000000, 0x00000000c5000000, 0x00000000eab00000)
  object space 81920K, 68% used [0x00000000c0000000,0x00000000c36dcab8,0x00000000c5000000)
 Metaspace       used 5979K, capacity 7088K, committed 7296K, reserved 1056768K
  class space    used 575K, capacity 616K, committed 640K, reserved 1048576K
}

