# JRE version: Java(TM) SE Runtime Environment (8.0_91-b14) (build 1.8.0_91-b14)
# Java VM: Java HotSpot(TM) 64-Bit Server VM (25.91-b14 mixed mode linux-amd64 compressed oops)
Heap:
 PSYoungGen      total 222208K, used 37880K [0x00000000eab00000, 0x00000000fcd80000, 0x0000000100000000)
  eden space 184320K, 0% used [0x00000000eab00000,0x00000000eab00000,0x00000000f5f00000)
  from space 37888K, 99% used [0x00000000f8e00000,0x00000000fb2fe2f0,0x00000000fb300000)
  to   space 48128K, 0% used [0x00000000f5f00000,0x00000000f5f00000,0x00000000f8e00000)
 ParOldGen       total 79872K, used 58593K [0x00000000c0000000, 0x00000000c4e00000, 0x00000000eab00000)
  object space 79872K, 73% used [0x00000000c0000000,0x00000000c39385e8,0x00000000c4e00000)
 Metaspace       used 6009K, capacity 7088K, committed 7296K, reserved 1056768K
  class space    used 577K, capacity 616K, committed 640K, reserved 1048576K
GC Heap History (10 events):
Event: 6.998 GC heap after
Heap after GC invocations=5 (full 1):
 PSYoungGen      total 99840K, used 0K [0x00000000eab00000, 0x00000000f1000000, 0x0000000100000000)
  eden space 96256K, 0% used [0x00000000eab00000,0x00000000eab00000,0x00000000f0900000)
  from space 3584K, 0% used [0x00000000f0c80000,0x00000000f0c80000,0x00000000f1000000)
  to   space 3584K, 0% used [0x00000000f0900000,0x00000000f0900000,0x00000000f0c80000)
 ParOldGen       total 79872K, used 17982K [0x00000000c0000000, 0x00000000c4e00000, 0x00000000eab00000)
  object space 79872K, 22% used [0x00000000c0000000,0x00000000c118f970,0x00000000c4e00000)
 Metaspace       used 5714K, capacity 6896K, committed 7040K, reserved 1056768K
  class space    used 575K, capacity 616K, committed 640K, reserved 1048576K
}
Event: 9.438 GC heap before
{Heap before GC invocations=6 (full 1):
 PSYoungGen      total 99840K, used 96256K [0x00000000eab00000, 0x00000000f1000000, 0x0000000100000000)
  eden space 96256K, 100% used [0x00000000eab00000,0x00000000f0900000,0x00000000f0900000)
  from space 3584K, 0% used [0x00000000f0c80000,0x00000000f0c80000,0x00000000f1000000)
  to   space 3584K, 0% used [0x00000000f0900000,0x00000000f0900000,0x00000000f0c80000)
 ParOldGen       total 79872K, used 17982K [0x00000000c0000000, 0x00000000c4e00000, 0x00000000eab00000)
  object space 79872K, 22% used [0x00000000c0000000,0x00000000c118f970,0x00000000c4e00000)
 Metaspace       used 5856K, capacity 7024K, committed 7296K, reserved 1056768K
  class space    used 575K, capacity 616K, committed 640K, reserved 1048576K
Event: 9.611 GC heap after
Heap after GC invocations=6 (full 1):
 PSYoungGen      total 99840K, used 3567K [0x00000000eab00000, 0x00000000f5f80000, 0x0000000100000000)
  eden space 96256K, 0% used [0x00000000eab00000,0x00000000eab00000,0x00000000f0900000)
  from space 3584K, 99% used [0x00000000f0900000,0x00000000f0c7bec0,0x00000000f0c80000)
  to   space 25600K, 0% used [0x00000000f4680000,0x00000000f4680000,0x00000000f5f80000)
 ParOldGen       total 79872K, used 30852K [0x00000000c0000000, 0x00000000c4e00000, 0x00000000eab00000)
  object space 79872K, 38% used [0x00000000c0000000,0x00000000c1e21138,0x00000000c4e00000)
 Metaspace       used 5856K, capacity 7024K, committed 7296K, reserved 1056768K
  class space    used 575K, capacity 616K, committed 640K, reserved 1048576K
}
Event: 10.960 GC heap before
{Heap before GC invocations=7 (full 1):
 PSYoungGen      total 99840K, used 99823K [0x00000000eab00000, 0x00000000f5f80000, 0x0000000100000000)
  eden space 96256K, 100% used [0x00000000eab00000,0x00000000f0900000,0x00000000f0900000)
  from space 3584K, 99% used [0x00000000f0900000,0x00000000f0c7bec0,0x00000000f0c80000)
  to   space 25600K, 0% used [0x00000000f4680000,0x00000000f4680000,0x00000000f5f80000)
 ParOldGen       total 79872K, used 30852K [0x00000000c0000000, 0x00000000c4e00000, 0x00000000eab00000)
  object space 79872K, 38% used [0x00000000c0000000,0x00000000c1e21138,0x00000000c4e00000)
 Metaspace       used 5858K, capacity 7024K, committed 7296K, reserved 1056768K
  class space    used 575K, capacity 616K, committed 640K, reserved 1048576K
Event: 11.100 GC heap after
Heap after GC invocations=7 (full 1):
 PSYoungGen      total 159232K, used 17711K [0x00000000eab00000, 0x00000000f6300000, 0x0000000100000000)
  eden space 133632K, 0% used [0x00000000eab00000,0x00000000eab00000,0x00000000f2d80000)
  from space 25600K, 69% used [0x00000000f4680000,0x00000000f57cbde8,0x00000000f5f80000)
  to   space 25600K, 0% used [0x00000000f2d80000,0x00000000f2d80000,0x00000000f4680000)
 ParOldGen       total 79872K, used 30860K [0x00000000c0000000, 0x00000000c4e00000, 0x00000000eab00000)
  object space 79872K, 38% used [0x00000000c0000000,0x00000000c1e23138,0x00000000c4e00000)
 Metaspace       used 5858K, capacity 7024K, committed 7296K, reserved 1056768K
  class space    used 575K, capacity 616K, committed 640K, reserved 1048576K
}
Event: 13.432 GC heap before
{Heap before GC invocations=8 (full 1):
 PSYoungGen      total 159232K, used 151343K [0x00000000eab00000, 0x00000000f6300000, 0x0000000100000000)
  eden space 133632K, 100% used [0x00000000eab00000,0x00000000f2d80000,0x00000000f2d80000)
  from space 25600K, 69% used [0x00000000f4680000,0x00000000f57cbde8,0x00000000f5f80000)
  to   space 25600K, 0% used [0x00000000f2d80000,0x00000000f2d80000,0x00000000f4680000)
 ParOldGen       total 79872K, used 30860K [0x00000000c0000000, 0x00000000c4e00000, 0x00000000eab00000)
  object space 79872K, 38% used [0x00000000c0000000,0x00000000c1e23138,0x00000000c4e00000)
 Metaspace       used 5973K, capacity 7088K, committed 7296K, reserved 1056768K
  class space    used 575K, capacity 616K, committed 640K, reserved 1048576K
Event: 13.683 GC heap after
Heap after GC invocations=8 (full 1):
 PSYoungGen      total 159232K, used 25580K [0x00000000eab00000, 0x00000000fb300000, 0x0000000100000000)
  eden space 133632K, 0% used [0x00000000eab00000,0x00000000eab00000,0x00000000f2d80000)
  from space 25600K, 99% used [0x00000000f2d80000,0x00000000f467b0d0,0x00000000f4680000)
  to   space 37888K, 0% used [0x00000000f8e00000,0x00000000f8e00000,0x00000000fb300000)
 ParOldGen       total 79872K, used 48231K [0x00000000c0000000, 0x00000000c4e00000, 0x00000000eab00000)
  object space 79872K, 60% used [0x00000000c0000000,0x00000000c2f19fd0,0x00000000c4e00000)
 Metaspace       used 5973K, capacity 7088K, committed 7296K, reserved 1056768K
  class space    used 575K, capacity 616K, committed 640K, reserved 1048576K
}
Event: 15.402 GC heap before
{Heap before GC invocations=9 (full 1):
 PSYoungGen      total 159232K, used 159212K [0x00000000eab00000, 0x00000000fb300000, 0x0000000100000000)
  eden space 133632K, 100% used [0x00000000eab00000,0x00000000f2d80000,0x00000000f2d80000)
  from space 25600K, 99% used [0x00000000f2d80000,0x00000000f467b0d0,0x00000000f4680000)
  to   space 37888K, 0% used [0x00000000f8e00000,0x00000000f8e00000,0x00000000fb300000)
 ParOldGen       total 79872K, used 48231K [0x00000000c0000000, 0x00000000c4e00000, 0x00000000eab00000)
  object space 79872K, 60% used [0x00000000c0000000,0x00000000c2f19fd0,0x00000000c4e00000)
 Metaspace       used 6009K, capacity 7088K, committed 7296K, reserved 1056768K
  class space    used 577K, capacity 616K, committed 640K, reserved 1048576K
Event: 15.669 GC heap after
Heap after GC invocations=9 (full 1):
 PSYoungGen      total 222208K, used 37880K [0x00000000eab00000, 0x00000000fcd80000, 0x0000000100000000)
  eden space 184320K, 0% used [0x00000000eab00000,0x00000000eab00000,0x00000000f5f00000)
  from space 37888K, 99% used [0x00000000f8e00000,0x00000000fb2fe2f0,0x00000000fb300000)
  to   space 48128K, 0% used [0x00000000f5f00000,0x00000000f5f00000,0x00000000f8e00000)
 ParOldGen       total 79872K, used 58593K [0x00000000c0000000, 0x00000000c4e00000, 0x00000000eab00000)
  object space 79872K, 73% used [0x00000000c0000000,0x00000000c39385e8,0x00000000c4e00000)
 Metaspace       used 6009K, capacity 7088K, committed 7296K, reserved 1056768K
  class space    used 577K, capacity 616K, committed 640K, reserved 1048576K
}
Event: 15.669 GC heap before
{Heap before GC invocations=10 (full 2):
 PSYoungGen      total 222208K, used 37880K [0x00000000eab00000, 0x00000000fcd80000, 0x0000000100000000)
  eden space 184320K, 0% used [0x00000000eab00000,0x00000000eab00000,0x00000000f5f00000)
  from space 37888K, 99% used [0x00000000f8e00000,0x00000000fb2fe2f0,0x00000000fb300000)
  to   space 48128K, 0% used [0x00000000f5f00000,0x00000000f5f00000,0x00000000f8e00000)
 ParOldGen       total 79872K, used 58593K [0x00000000c0000000, 0x00000000c4e00000, 0x00000000eab00000)
  object space 79872K, 73% used [0x00000000c0000000,0x00000000c39385e8,0x00000000c4e00000)
 Metaspace       used 6009K, capacity 7088K, committed 7296K, reserved 1056768K
  class space    used 577K, capacity 616K, committed 640K, reserved 1048576K

