# JRE version: Java(TM) SE Runtime Environment (8.0_91-b14) (build 1.8.0_91-b14)
# Java VM: Java HotSpot(TM) 64-Bit Server VM (25.91-b14 mixed mode linux-amd64 compressed oops)
Heap:
 PSYoungGen      total 206336K, used 187752K [0x00000000eab00000, 0x00000000f9c00000, 0x0000000100000000)
  eden space 184320K, 89% used [0x00000000eab00000,0x00000000f4cdd420,0x00000000f5f00000)
  from space 22016K, 99% used [0x00000000f7a80000,0x00000000f8ffcee8,0x00000000f9000000)
  to   space 28160K, 0% used [0x00000000f5f00000,0x00000000f5f00000,0x00000000f7a80000)
 ParOldGen       total 62976K, used 36582K [0x00000000c0000000, 0x00000000c3d80000, 0x00000000eab00000)
  object space 62976K, 58% used [0x00000000c0000000,0x00000000c23b99d0,0x00000000c3d80000)
 Metaspace       used 6732K, capacity 7480K, committed 7680K, reserved 1056768K
  class space    used 632K, capacity 688K, committed 768K, reserved 1048576K
GC Heap History (10 events):
Event: 6.394 GC heap before
{Heap before GC invocations=4 (full 0):
 PSYoungGen      total 27648K, used 27633K [0x00000000eab00000, 0x00000000ee100000, 0x0000000100000000)
  eden space 24064K, 100% used [0x00000000eab00000,0x00000000ec280000,0x00000000ec280000)
  from space 3584K, 99% used [0x00000000ec280000,0x00000000ec5fc4c0,0x00000000ec600000)
  to   space 3584K, 0% used [0x00000000edd80000,0x00000000edd80000,0x00000000ee100000)
 ParOldGen       total 62976K, used 6779K [0x00000000c0000000, 0x00000000c3d80000, 0x00000000eab00000)
  object space 62976K, 10% used [0x00000000c0000000,0x00000000c069eed0,0x00000000c3d80000)
 Metaspace       used 5875K, capacity 6832K, committed 7040K, reserved 1056768K
  class space    used 594K, capacity 616K, committed 640K, reserved 1048576K
Event: 6.508 GC heap after
Heap after GC invocations=4 (full 0):
 PSYoungGen      total 51712K, used 3553K [0x00000000eab00000, 0x00000000ee100000, 0x0000000100000000)
  eden space 48128K, 0% used [0x00000000eab00000,0x00000000eab00000,0x00000000eda00000)
  from space 3584K, 99% used [0x00000000edd80000,0x00000000ee0f85c8,0x00000000ee100000)
  to   space 3584K, 0% used [0x00000000eda00000,0x00000000eda00000,0x00000000edd80000)
 ParOldGen       total 62976K, used 11184K [0x00000000c0000000, 0x00000000c3d80000, 0x00000000eab00000)
  object space 62976K, 17% used [0x00000000c0000000,0x00000000c0aec320,0x00000000c3d80000)
 Metaspace       used 5875K, capacity 6832K, committed 7040K, reserved 1056768K
  class space    used 594K, capacity 616K, committed 640K, reserved 1048576K
}
Event: 8.169 GC heap before
{Heap before GC invocations=5 (full 0):
 PSYoungGen      total 51712K, used 51681K [0x00000000eab00000, 0x00000000ee100000, 0x0000000100000000)
  eden space 48128K, 100% used [0x00000000eab00000,0x00000000eda00000,0x00000000eda00000)
  from space 3584K, 99% used [0x00000000edd80000,0x00000000ee0f85c8,0x00000000ee100000)
  to   space 3584K, 0% used [0x00000000eda00000,0x00000000eda00000,0x00000000edd80000)
 ParOldGen       total 62976K, used 11184K [0x00000000c0000000, 0x00000000c3d80000, 0x00000000eab00000)
  object space 62976K, 17% used [0x00000000c0000000,0x00000000c0aec320,0x00000000c3d80000)
 Metaspace       used 5923K, capacity 6896K, committed 7040K, reserved 1056768K
  class space    used 594K, capacity 616K, committed 640K, reserved 1048576K
Event: 8.284 GC heap after
Heap after GC invocations=5 (full 0):
 PSYoungGen      total 51712K, used 3569K [0x00000000eab00000, 0x00000000f2200000, 0x0000000100000000)
  eden space 48128K, 0% used [0x00000000eab00000,0x00000000eab00000,0x00000000eda00000)
  from space 3584K, 99% used [0x00000000eda00000,0x00000000edd7c5d8,0x00000000edd80000)
  to   space 12800K, 0% used [0x00000000f1580000,0x00000000f1580000,0x00000000f2200000)
 ParOldGen       total 62976K, used 18761K [0x00000000c0000000, 0x00000000c3d80000, 0x00000000eab00000)
  object space 62976K, 29% used [0x00000000c0000000,0x00000000c1252668,0x00000000c3d80000)
 Metaspace       used 5923K, capacity 6896K, committed 7040K, reserved 1056768K
  class space    used 594K, capacity 616K, committed 640K, reserved 1048576K
}
Event: 9.554 GC heap before
{Heap before GC invocations=6 (full 0):
 PSYoungGen      total 51712K, used 51697K [0x00000000eab00000, 0x00000000f2200000, 0x0000000100000000)
  eden space 48128K, 100% used [0x00000000eab00000,0x00000000eda00000,0x00000000eda00000)
  from space 3584K, 99% used [0x00000000eda00000,0x00000000edd7c5d8,0x00000000edd80000)
  to   space 12800K, 0% used [0x00000000f1580000,0x00000000f1580000,0x00000000f2200000)
 ParOldGen       total 62976K, used 18761K [0x00000000c0000000, 0x00000000c3d80000, 0x00000000eab00000)
  object space 62976K, 29% used [0x00000000c0000000,0x00000000c1252668,0x00000000c3d80000)
 Metaspace       used 6000K, capacity 6960K, committed 7040K, reserved 1056768K
  class space    used 594K, capacity 616K, committed 640K, reserved 1048576K
Event: 9.702 GC heap after
Heap after GC invocations=6 (full 0):
 PSYoungGen      total 108032K, used 11169K [0x00000000eab00000, 0x00000000f2400000, 0x0000000100000000)
  eden space 95232K, 0% used [0x00000000eab00000,0x00000000eab00000,0x00000000f0800000)
  from space 12800K, 87% used [0x00000000f1580000,0x00000000f20687b8,0x00000000f2200000)
  to   space 13824K, 0% used [0x00000000f0800000,0x00000000f0800000,0x00000000f1580000)
 ParOldGen       total 62976K, used 18761K [0x00000000c0000000, 0x00000000c3d80000, 0x00000000eab00000)
  object space 62976K, 29% used [0x00000000c0000000,0x00000000c1252668,0x00000000c3d80000)
 Metaspace       used 6000K, capacity 6960K, committed 7040K, reserved 1056768K
  class space    used 594K, capacity 616K, committed 640K, reserved 1048576K
}
Event: 11.260 GC heap before
{Heap before GC invocations=7 (full 0):
 PSYoungGen      total 108032K, used 106401K [0x00000000eab00000, 0x00000000f2400000, 0x0000000100000000)
  eden space 95232K, 100% used [0x00000000eab00000,0x00000000f0800000,0x00000000f0800000)
  from space 12800K, 87% used [0x00000000f1580000,0x00000000f20687b8,0x00000000f2200000)
  to   space 13824K, 0% used [0x00000000f0800000,0x00000000f0800000,0x00000000f1580000)
 ParOldGen       total 62976K, used 18761K [0x00000000c0000000, 0x00000000c3d80000, 0x00000000eab00000)
  object space 62976K, 29% used [0x00000000c0000000,0x00000000c1252668,0x00000000c3d80000)
 Metaspace       used 6167K, capacity 7064K, committed 7424K, reserved 1056768K
  class space    used 614K, capacity 656K, committed 768K, reserved 1048576K
Event: 11.403 GC heap after
Heap after GC invocations=7 (full 0):
 PSYoungGen      total 109056K, used 13797K [0x00000000eab00000, 0x00000000f9000000, 0x0000000100000000)
  eden space 95232K, 0% used [0x00000000eab00000,0x00000000eab00000,0x00000000f0800000)
  from space 13824K, 99% used [0x00000000f0800000,0x00000000f15795e0,0x00000000f1580000)
  to   space 22016K, 0% used [0x00000000f7a80000,0x00000000f7a80000,0x00000000f9000000)
 ParOldGen       total 62976K, used 30609K [0x00000000c0000000, 0x00000000c3d80000, 0x00000000eab00000)
  object space 62976K, 48% used [0x00000000c0000000,0x00000000c1de4788,0x00000000c3d80000)
 Metaspace       used 6167K, capacity 7064K, committed 7424K, reserved 1056768K
  class space    used 614K, capacity 656K, committed 768K, reserved 1048576K
}
Event: 12.869 GC heap before
{Heap before GC invocations=8 (full 0):
 PSYoungGen      total 109056K, used 109029K [0x00000000eab00000, 0x00000000f9000000, 0x0000000100000000)
  eden space 95232K, 100% used [0x00000000eab00000,0x00000000f0800000,0x00000000f0800000)
  from space 13824K, 99% used [0x00000000f0800000,0x00000000f15795e0,0x00000000f1580000)
  to   space 22016K, 0% used [0x00000000f7a80000,0x00000000f7a80000,0x00000000f9000000)
 ParOldGen       total 62976K, used 30609K [0x00000000c0000000, 0x00000000c3d80000, 0x00000000eab00000)
  object space 62976K, 48% used [0x00000000c0000000,0x00000000c1de4788,0x00000000c3d80000)
 Metaspace       used 6278K, capacity 7128K, committed 7424K, reserved 1056768K
  class space    used 614K, capacity 656K, committed 768K, reserved 1048576K
Event: 13.220 GC heap after
Heap after GC invocations=8 (full 0):
 PSYoungGen      total 206336K, used 22003K [0x00000000eab00000, 0x00000000f9c00000, 0x0000000100000000)
  eden space 184320K, 0% used [0x00000000eab00000,0x00000000eab00000,0x00000000f5f00000)
  from space 22016K, 99% used [0x00000000f7a80000,0x00000000f8ffcee8,0x00000000f9000000)
  to   space 28160K, 0% used [0x00000000f5f00000,0x00000000f5f00000,0x00000000f7a80000)
 ParOldGen       total 62976K, used 36582K [0x00000000c0000000, 0x00000000c3d80000, 0x00000000eab00000)
  object space 62976K, 58% used [0x00000000c0000000,0x00000000c23b99d0,0x00000000c3d80000)
 Metaspace       used 6278K, capacity 7128K, committed 7424K, reserved 1056768K
  class space    used 614K, capacity 656K, committed 768K, reserved 1048576K
}

