# JRE version: Java(TM) SE Runtime Environment (8.0_91-b14) (build 1.8.0_91-b14)
# Java VM: Java HotSpot(TM) 64-Bit Server VM (25.91-b14 mixed mode linux-amd64 compressed oops)
Heap:
 PSYoungGen      total 197120K, used 50658K [0x00000000eab00000, 0x00000000fe180000, 0x0000000100000000)
  eden space 146432K, 0% used [0x00000000eab00000,0x00000000eab00000,0x00000000f3a00000)
  from space 50688K, 99% used [0x00000000f8080000,0x00000000fb1f8810,0x00000000fb200000)
  to   space 72192K, 0% used [0x00000000f3a00000,0x00000000f3a00000,0x00000000f8080000)
 ParOldGen       total 106496K, used 95776K [0x00000000c0000000, 0x00000000c6800000, 0x00000000eab00000)
  object space 106496K, 89% used [0x00000000c0000000,0x00000000c5d88188,0x00000000c6800000)
 Metaspace       used 5990K, capacity 7152K, committed 7296K, reserved 1056768K
  class space    used 575K, capacity 616K, committed 640K, reserved 1048576K
GC Heap History (10 events):
Event: 6.677 GC heap after
Heap after GC invocations=5 (full 1):
 PSYoungGen      total 99840K, used 0K [0x00000000eab00000, 0x00000000f1000000, 0x0000000100000000)
  eden space 96256K, 0% used [0x00000000eab00000,0x00000000eab00000,0x00000000f0900000)
  from space 3584K, 0% used [0x00000000f0c80000,0x00000000f0c80000,0x00000000f1000000)
  to   space 3584K, 0% used [0x00000000f0900000,0x00000000f0900000,0x00000000f0c80000)
 ParOldGen       total 106496K, used 40841K [0x00000000c0000000, 0x00000000c6800000, 0x00000000eab00000)
  object space 106496K, 38% used [0x00000000c0000000,0x00000000c27e27b8,0x00000000c6800000)
 Metaspace       used 5649K, capacity 6832K, committed 7040K, reserved 1056768K
  class space    used 575K, capacity 616K, committed 640K, reserved 1048576K
}
Event: 8.963 GC heap before
{Heap before GC invocations=6 (full 1):
 PSYoungGen      total 99840K, used 96256K [0x00000000eab00000, 0x00000000f1000000, 0x0000000100000000)
  eden space 96256K, 100% used [0x00000000eab00000,0x00000000f0900000,0x00000000f0900000)
  from space 3584K, 0% used [0x00000000f0c80000,0x00000000f0c80000,0x00000000f1000000)
  to   space 3584K, 0% used [0x00000000f0900000,0x00000000f0900000,0x00000000f0c80000)
 ParOldGen       total 106496K, used 40841K [0x00000000c0000000, 0x00000000c6800000, 0x00000000eab00000)
  object space 106496K, 38% used [0x00000000c0000000,0x00000000c27e27b8,0x00000000c6800000)
 Metaspace       used 5740K, capacity 6960K, committed 7040K, reserved 1056768K
  class space    used 575K, capacity 616K, committed 640K, reserved 1048576K
Event: 9.199 GC heap after
Heap after GC invocations=6 (full 1):
 PSYoungGen      total 99840K, used 3581K [0x00000000eab00000, 0x00000000f6f80000, 0x0000000100000000)
  eden space 96256K, 0% used [0x00000000eab00000,0x00000000eab00000,0x00000000f0900000)
  from space 3584K, 99% used [0x00000000f0900000,0x00000000f0c7f4e0,0x00000000f0c80000)
  to   space 35840K, 0% used [0x00000000f4c80000,0x00000000f4c80000,0x00000000f6f80000)
 ParOldGen       total 106496K, used 65571K [0x00000000c0000000, 0x00000000c6800000, 0x00000000eab00000)
  object space 106496K, 61% used [0x00000000c0000000,0x00000000c4008c48,0x00000000c6800000)
 Metaspace       used 5740K, capacity 6960K, committed 7040K, reserved 1056768K
  class space    used 575K, capacity 616K, committed 640K, reserved 1048576K
}
Event: 10.475 GC heap before
{Heap before GC invocations=7 (full 1):
 PSYoungGen      total 99840K, used 99837K [0x00000000eab00000, 0x00000000f6f80000, 0x0000000100000000)
  eden space 96256K, 100% used [0x00000000eab00000,0x00000000f0900000,0x00000000f0900000)
  from space 3584K, 99% used [0x00000000f0900000,0x00000000f0c7f4e0,0x00000000f0c80000)
  to   space 35840K, 0% used [0x00000000f4c80000,0x00000000f4c80000,0x00000000f6f80000)
 ParOldGen       total 106496K, used 65571K [0x00000000c0000000, 0x00000000c6800000, 0x00000000eab00000)
  object space 106496K, 61% used [0x00000000c0000000,0x00000000c4008c48,0x00000000c6800000)
 Metaspace       used 5843K, capacity 7024K, committed 7296K, reserved 1056768K
  class space    used 575K, capacity 616K, committed 640K, reserved 1048576K
Event: 10.580 GC heap after
Heap after GC invocations=7 (full 1):
 PSYoungGen      total 159232K, used 33552K [0x00000000eab00000, 0x00000000f7b80000, 0x0000000100000000)
  eden space 123392K, 0% used [0x00000000eab00000,0x00000000eab00000,0x00000000f2380000)
  from space 35840K, 93% used [0x00000000f4c80000,0x00000000f6d440e8,0x00000000f6f80000)
  to   space 41984K, 0% used [0x00000000f2380000,0x00000000f2380000,0x00000000f4c80000)
 ParOldGen       total 106496K, used 65579K [0x00000000c0000000, 0x00000000c6800000, 0x00000000eab00000)
  object space 106496K, 61% used [0x00000000c0000000,0x00000000c400ac48,0x00000000c6800000)
 Metaspace       used 5843K, capacity 7024K, committed 7296K, reserved 1056768K
  class space    used 575K, capacity 616K, committed 640K, reserved 1048576K
}
Event: 13.031 GC heap before
{Heap before GC invocations=8 (full 1):
 PSYoungGen      total 159232K, used 156944K [0x00000000eab00000, 0x00000000f7b80000, 0x0000000100000000)
  eden space 123392K, 100% used [0x00000000eab00000,0x00000000f2380000,0x00000000f2380000)
  from space 35840K, 93% used [0x00000000f4c80000,0x00000000f6d440e8,0x00000000f6f80000)
  to   space 41984K, 0% used [0x00000000f2380000,0x00000000f2380000,0x00000000f4c80000)
 ParOldGen       total 106496K, used 65579K [0x00000000c0000000, 0x00000000c6800000, 0x00000000eab00000)
  object space 106496K, 61% used [0x00000000c0000000,0x00000000c400ac48,0x00000000c6800000)
 Metaspace       used 5905K, capacity 7088K, committed 7296K, reserved 1056768K
  class space    used 575K, capacity 616K, committed 640K, reserved 1048576K
Event: 13.280 GC heap after
Heap after GC invocations=8 (full 1):
 PSYoungGen      total 165376K, used 41964K [0x00000000eab00000, 0x00000000fb200000, 0x0000000100000000)
  eden space 123392K, 0% used [0x00000000eab00000,0x00000000eab00000,0x00000000f2380000)
  from space 41984K, 99% used [0x00000000f2380000,0x00000000f4c7b208,0x00000000f4c80000)
  to   space 50688K, 0% used [0x00000000f8080000,0x00000000f8080000,0x00000000fb200000)
 ParOldGen       total 106496K, used 66772K [0x00000000c0000000, 0x00000000c6800000, 0x00000000eab00000)
  object space 106496K, 62% used [0x00000000c0000000,0x00000000c4135220,0x00000000c6800000)
 Metaspace       used 5905K, capacity 7088K, committed 7296K, reserved 1056768K
  class space    used 575K, capacity 616K, committed 640K, reserved 1048576K
}
Event: 15.404 GC heap before
{Heap before GC invocations=9 (full 1):
 PSYoungGen      total 165376K, used 165356K [0x00000000eab00000, 0x00000000fb200000, 0x0000000100000000)
  eden space 123392K, 100% used [0x00000000eab00000,0x00000000f2380000,0x00000000f2380000)
  from space 41984K, 99% used [0x00000000f2380000,0x00000000f4c7b208,0x00000000f4c80000)
  to   space 50688K, 0% used [0x00000000f8080000,0x00000000f8080000,0x00000000fb200000)
 ParOldGen       total 106496K, used 66772K [0x00000000c0000000, 0x00000000c6800000, 0x00000000eab00000)
  object space 106496K, 62% used [0x00000000c0000000,0x00000000c4135220,0x00000000c6800000)
 Metaspace       used 5990K, capacity 7152K, committed 7296K, reserved 1056768K
  class space    used 575K, capacity 616K, committed 640K, reserved 1048576K
Event: 15.778 GC heap after
Heap after GC invocations=9 (full 1):
 PSYoungGen      total 197120K, used 50658K [0x00000000eab00000, 0x00000000fe180000, 0x0000000100000000)
  eden space 146432K, 0% used [0x00000000eab00000,0x00000000eab00000,0x00000000f3a00000)
  from space 50688K, 99% used [0x00000000f8080000,0x00000000fb1f8810,0x00000000fb200000)
  to   space 72192K, 0% used [0x00000000f3a00000,0x00000000f3a00000,0x00000000f8080000)
 ParOldGen       total 106496K, used 95776K [0x00000000c0000000, 0x00000000c6800000, 0x00000000eab00000)
  object space 106496K, 89% used [0x00000000c0000000,0x00000000c5d88188,0x00000000c6800000)
 Metaspace       used 5990K, capacity 7152K, committed 7296K, reserved 1056768K
  class space    used 575K, capacity 616K, committed 640K, reserved 1048576K
}
Event: 15.778 GC heap before
{Heap before GC invocations=10 (full 2):
 PSYoungGen      total 197120K, used 50658K [0x00000000eab00000, 0x00000000fe180000, 0x0000000100000000)
  eden space 146432K, 0% used [0x00000000eab00000,0x00000000eab00000,0x00000000f3a00000)
  from space 50688K, 99% used [0x00000000f8080000,0x00000000fb1f8810,0x00000000fb200000)
  to   space 72192K, 0% used [0x00000000f3a00000,0x00000000f3a00000,0x00000000f8080000)
 ParOldGen       total 106496K, used 95776K [0x00000000c0000000, 0x00000000c6800000, 0x00000000eab00000)
  object space 106496K, 89% used [0x00000000c0000000,0x00000000c5d88188,0x00000000c6800000)
 Metaspace       used 5990K, capacity 7152K, committed 7296K, reserved 1056768K
  class space    used 575K, capacity 616K, committed 640K, reserved 1048576K

