# JRE version: Java(TM) SE Runtime Environment (8.0_91-b14) (build 1.8.0_91-b14)
# Java VM: Java HotSpot(TM) 64-Bit Server VM (25.91-b14 mixed mode linux-amd64 compressed oops)
Heap:
 PSYoungGen      total 242176K, used 50672K [0x00000000eab00000, 0x0000000100000000, 0x0000000100000000)
  eden space 191488K, 0% used [0x00000000eab00000,0x00000000eab00000,0x00000000f6600000)
  from space 50688K, 99% used [0x00000000fa680000,0x00000000fd7fc398,0x00000000fd800000)
  to   space 66048K, 0% used [0x00000000f6600000,0x00000000f6600000,0x00000000fa680000)
 ParOldGen       total 104960K, used 88442K [0x00000000c0000000, 0x00000000c6680000, 0x00000000eab00000)
  object space 104960K, 84% used [0x00000000c0000000,0x00000000c565ea20,0x00000000c6680000)
 Metaspace       used 6016K, capacity 7152K, committed 7296K, reserved 1056768K
  class space    used 577K, capacity 616K, committed 640K, reserved 1048576K
GC Heap History (10 events):
Event: 3.512 GC heap after
Heap after GC invocations=5 (full 1):
 PSYoungGen      total 101888K, used 0K [0x00000000eab00000, 0x00000000f1200000, 0x0000000100000000)
  eden space 98304K, 0% used [0x00000000eab00000,0x00000000eab00000,0x00000000f0b00000)
  from space 3584K, 0% used [0x00000000f0e80000,0x00000000f0e80000,0x00000000f1200000)
  to   space 3584K, 0% used [0x00000000f0b00000,0x00000000f0b00000,0x00000000f0e80000)
 ParOldGen       total 104960K, used 42691K [0x00000000c0000000, 0x00000000c6680000, 0x00000000eab00000)
  object space 104960K, 40% used [0x00000000c0000000,0x00000000c29b0ce8,0x00000000c6680000)
 Metaspace       used 5739K, capacity 6896K, committed 7040K, reserved 1056768K
  class space    used 575K, capacity 616K, committed 640K, reserved 1048576K
}
Event: 4.666 GC heap before
{Heap before GC invocations=6 (full 1):
 PSYoungGen      total 101888K, used 98304K [0x00000000eab00000, 0x00000000f1200000, 0x0000000100000000)
  eden space 98304K, 100% used [0x00000000eab00000,0x00000000f0b00000,0x00000000f0b00000)
  from space 3584K, 0% used [0x00000000f0e80000,0x00000000f0e80000,0x00000000f1200000)
  to   space 3584K, 0% used [0x00000000f0b00000,0x00000000f0b00000,0x00000000f0e80000)
 ParOldGen       total 104960K, used 42691K [0x00000000c0000000, 0x00000000c6680000, 0x00000000eab00000)
  object space 104960K, 40% used [0x00000000c0000000,0x00000000c29b0ce8,0x00000000c6680000)
 Metaspace       used 5843K, capacity 7024K, committed 7296K, reserved 1056768K
  class space    used 575K, capacity 616K, committed 640K, reserved 1048576K
Event: 4.722 GC heap after
Heap after GC invocations=6 (full 1):
 PSYoungGen      total 101888K, used 3553K [0x00000000eab00000, 0x00000000f7980000, 0x0000000100000000)
  eden space 98304K, 0% used [0x00000000eab00000,0x00000000eab00000,0x00000000f0b00000)
  from space 3584K, 99% used [0x00000000f0b00000,0x00000000f0e78710,0x00000000f0e80000)
  to   space 32256K, 0% used [0x00000000f5a00000,0x00000000f5a00000,0x00000000f7980000)
 ParOldGen       total 104960K, used 62921K [0x00000000c0000000, 0x00000000c6680000, 0x00000000eab00000)
  object space 104960K, 59% used [0x00000000c0000000,0x00000000c3d72680,0x00000000c6680000)
 Metaspace       used 5843K, capacity 7024K, committed 7296K, reserved 1056768K
  class space    used 575K, capacity 616K, committed 640K, reserved 1048576K
}
Event: 6.208 GC heap before
{Heap before GC invocations=7 (full 1):
 PSYoungGen      total 101888K, used 101857K [0x00000000eab00000, 0x00000000f7980000, 0x0000000100000000)
  eden space 98304K, 100% used [0x00000000eab00000,0x00000000f0b00000,0x00000000f0b00000)
  from space 3584K, 99% used [0x00000000f0b00000,0x00000000f0e78710,0x00000000f0e80000)
  to   space 32256K, 0% used [0x00000000f5a00000,0x00000000f5a00000,0x00000000f7980000)
 ParOldGen       total 104960K, used 62921K [0x00000000c0000000, 0x00000000c6680000, 0x00000000eab00000)
  object space 104960K, 59% used [0x00000000c0000000,0x00000000c3d72680,0x00000000c6680000)
 Metaspace       used 5873K, capacity 7024K, committed 7296K, reserved 1056768K
  class space    used 575K, capacity 616K, committed 640K, reserved 1048576K
Event: 6.287 GC heap after
Heap after GC invocations=7 (full 1):
 PSYoungGen      total 172544K, used 32246K [0x00000000eab00000, 0x00000000f8580000, 0x0000000100000000)
  eden space 140288K, 0% used [0x00000000eab00000,0x00000000eab00000,0x00000000f3400000)
  from space 32256K, 99% used [0x00000000f5a00000,0x00000000f797dbe0,0x00000000f7980000)
  to   space 38912K, 0% used [0x00000000f3400000,0x00000000f3400000,0x00000000f5a00000)
 ParOldGen       total 104960K, used 63977K [0x00000000c0000000, 0x00000000c6680000, 0x00000000eab00000)
  object space 104960K, 60% used [0x00000000c0000000,0x00000000c3e7a680,0x00000000c6680000)
 Metaspace       used 5873K, capacity 7024K, committed 7296K, reserved 1056768K
  class space    used 575K, capacity 616K, committed 640K, reserved 1048576K
}
Event: 8.192 GC heap before
{Heap before GC invocations=8 (full 1):
 PSYoungGen      total 172544K, used 172534K [0x00000000eab00000, 0x00000000f8580000, 0x0000000100000000)
  eden space 140288K, 100% used [0x00000000eab00000,0x00000000f3400000,0x00000000f3400000)
  from space 32256K, 99% used [0x00000000f5a00000,0x00000000f797dbe0,0x00000000f7980000)
  to   space 38912K, 0% used [0x00000000f3400000,0x00000000f3400000,0x00000000f5a00000)
 ParOldGen       total 104960K, used 63977K [0x00000000c0000000, 0x00000000c6680000, 0x00000000eab00000)
  object space 104960K, 60% used [0x00000000c0000000,0x00000000c3e7a680,0x00000000c6680000)
 Metaspace       used 5986K, capacity 7088K, committed 7296K, reserved 1056768K
  class space    used 575K, capacity 616K, committed 640K, reserved 1048576K
Event: 8.295 GC heap after
Heap after GC invocations=8 (full 1):
 PSYoungGen      total 179200K, used 38900K [0x00000000eab00000, 0x00000000fd800000, 0x0000000100000000)
  eden space 140288K, 0% used [0x00000000eab00000,0x00000000eab00000,0x00000000f3400000)
  from space 38912K, 99% used [0x00000000f3400000,0x00000000f59fd118,0x00000000f5a00000)
  to   space 50688K, 0% used [0x00000000fa680000,0x00000000fa680000,0x00000000fd800000)
 ParOldGen       total 104960K, used 73427K [0x00000000c0000000, 0x00000000c6680000, 0x00000000eab00000)
  object space 104960K, 69% used [0x00000000c0000000,0x00000000c47b4c88,0x00000000c6680000)
 Metaspace       used 5986K, capacity 7088K, committed 7296K, reserved 1056768K
  class space    used 575K, capacity 616K, committed 640K, reserved 1048576K
}
Event: 8.783 GC heap before
{Heap before GC invocations=9 (full 1):
 PSYoungGen      total 179200K, used 179188K [0x00000000eab00000, 0x00000000fd800000, 0x0000000100000000)
  eden space 140288K, 100% used [0x00000000eab00000,0x00000000f3400000,0x00000000f3400000)
  from space 38912K, 99% used [0x00000000f3400000,0x00000000f59fd118,0x00000000f5a00000)
  to   space 50688K, 0% used [0x00000000fa680000,0x00000000fa680000,0x00000000fd800000)
 ParOldGen       total 104960K, used 73427K [0x00000000c0000000, 0x00000000c6680000, 0x00000000eab00000)
  object space 104960K, 69% used [0x00000000c0000000,0x00000000c47b4c88,0x00000000c6680000)
 Metaspace       used 6016K, capacity 7152K, committed 7296K, reserved 1056768K
  class space    used 577K, capacity 616K, committed 640K, reserved 1048576K
Event: 8.888 GC heap after
Heap after GC invocations=9 (full 1):
 PSYoungGen      total 242176K, used 50672K [0x00000000eab00000, 0x0000000100000000, 0x0000000100000000)
  eden space 191488K, 0% used [0x00000000eab00000,0x00000000eab00000,0x00000000f6600000)
  from space 50688K, 99% used [0x00000000fa680000,0x00000000fd7fc398,0x00000000fd800000)
  to   space 66048K, 0% used [0x00000000f6600000,0x00000000f6600000,0x00000000fa680000)
 ParOldGen       total 104960K, used 88442K [0x00000000c0000000, 0x00000000c6680000, 0x00000000eab00000)
  object space 104960K, 84% used [0x00000000c0000000,0x00000000c565ea20,0x00000000c6680000)
 Metaspace       used 6016K, capacity 7152K, committed 7296K, reserved 1056768K
  class space    used 577K, capacity 616K, committed 640K, reserved 1048576K
}
Event: 8.888 GC heap before
{Heap before GC invocations=10 (full 2):
 PSYoungGen      total 242176K, used 50672K [0x00000000eab00000, 0x0000000100000000, 0x0000000100000000)
  eden space 191488K, 0% used [0x00000000eab00000,0x00000000eab00000,0x00000000f6600000)
  from space 50688K, 99% used [0x00000000fa680000,0x00000000fd7fc398,0x00000000fd800000)
  to   space 66048K, 0% used [0x00000000f6600000,0x00000000f6600000,0x00000000fa680000)
 ParOldGen       total 104960K, used 88442K [0x00000000c0000000, 0x00000000c6680000, 0x00000000eab00000)
  object space 104960K, 84% used [0x00000000c0000000,0x00000000c565ea20,0x00000000c6680000)
 Metaspace       used 6016K, capacity 7152K, committed 7296K, reserved 1056768K
  class space    used 577K, capacity 616K, committed 640K, reserved 1048576K

