# JRE version: Java(TM) SE Runtime Environment (8.0_91-b14) (build 1.8.0_91-b14)
# Java VM: Java HotSpot(TM) 64-Bit Server VM (25.91-b14 mixed mode linux-amd64 compressed oops)
Heap:
 PSYoungGen      total 180224K, used 180193K [0x00000000eab00000, 0x00000000fda00000, 0x0000000100000000)
  eden space 142336K, 100% used [0x00000000eab00000,0x00000000f3600000,0x00000000f3600000)
  from space 37888K, 99% used [0x00000000f3600000,0x00000000f5af86c0,0x00000000f5b00000)
  to   space 47616K, 61% used [0x00000000fab80000,0x00000000fc852ef0,0x00000000fda00000)
 ParOldGen       total 110592K, used 72963K [0x00000000c0000000, 0x00000000c6c00000, 0x00000000eab00000)
  object space 110592K, 65% used [0x00000000c0000000,0x00000000c4740ef8,0x00000000c6c00000)
 Metaspace       used 5975K, capacity 7088K, committed 7296K, reserved 1056768K
  class space    used 577K, capacity 616K, committed 640K, reserved 1048576K
GC Heap History (10 events):
Event: 2.223 GC heap after
Heap after GC invocations=4 (full 0):
 PSYoungGen      total 101888K, used 3580K [0x00000000eab00000, 0x00000000f1200000, 0x0000000100000000)
  eden space 98304K, 0% used [0x00000000eab00000,0x00000000eab00000,0x00000000f0b00000)
  from space 3584K, 99% used [0x00000000f0e80000,0x00000000f11ff210,0x00000000f1200000)
  to   space 3584K, 0% used [0x00000000f0b00000,0x00000000f0b00000,0x00000000f0e80000)
 ParOldGen       total 64512K, used 49861K [0x00000000c0000000, 0x00000000c3f00000, 0x00000000eab00000)
  object space 64512K, 77% used [0x00000000c0000000,0x00000000c30b1520,0x00000000c3f00000)
 Metaspace       used 5681K, capacity 6832K, committed 7040K, reserved 1056768K
  class space    used 575K, capacity 616K, committed 640K, reserved 1048576K
}
Event: 2.223 GC heap before
{Heap before GC invocations=5 (full 1):
 PSYoungGen      total 101888K, used 3580K [0x00000000eab00000, 0x00000000f1200000, 0x0000000100000000)
  eden space 98304K, 0% used [0x00000000eab00000,0x00000000eab00000,0x00000000f0b00000)
  from space 3584K, 99% used [0x00000000f0e80000,0x00000000f11ff210,0x00000000f1200000)
  to   space 3584K, 0% used [0x00000000f0b00000,0x00000000f0b00000,0x00000000f0e80000)
 ParOldGen       total 64512K, used 49861K [0x00000000c0000000, 0x00000000c3f00000, 0x00000000eab00000)
  object space 64512K, 77% used [0x00000000c0000000,0x00000000c30b1520,0x00000000c3f00000)
 Metaspace       used 5681K, capacity 6832K, committed 7040K, reserved 1056768K
  class space    used 575K, capacity 616K, committed 640K, reserved 1048576K
Event: 2.409 GC heap after
Heap after GC invocations=5 (full 1):
 PSYoungGen      total 101888K, used 0K [0x00000000eab00000, 0x00000000f1200000, 0x0000000100000000)
  eden space 98304K, 0% used [0x00000000eab00000,0x00000000eab00000,0x00000000f0b00000)
  from space 3584K, 0% used [0x00000000f0e80000,0x00000000f0e80000,0x00000000f1200000)
  to   space 3584K, 0% used [0x00000000f0b00000,0x00000000f0b00000,0x00000000f0e80000)
 ParOldGen       total 110592K, used 46660K [0x00000000c0000000, 0x00000000c6c00000, 0x00000000eab00000)
  object space 110592K, 42% used [0x00000000c0000000,0x00000000c2d91078,0x00000000c6c00000)
 Metaspace       used 5681K, capacity 6832K, committed 7040K, reserved 1056768K
  class space    used 575K, capacity 616K, committed 640K, reserved 1048576K
}
Event: 3.076 GC heap before
{Heap before GC invocations=6 (full 1):
 PSYoungGen      total 101888K, used 98304K [0x00000000eab00000, 0x00000000f1200000, 0x0000000100000000)
  eden space 98304K, 100% used [0x00000000eab00000,0x00000000f0b00000,0x00000000f0b00000)
  from space 3584K, 0% used [0x00000000f0e80000,0x00000000f0e80000,0x00000000f1200000)
  to   space 3584K, 0% used [0x00000000f0b00000,0x00000000f0b00000,0x00000000f0e80000)
 ParOldGen       total 110592K, used 46660K [0x00000000c0000000, 0x00000000c6c00000, 0x00000000eab00000)
  object space 110592K, 42% used [0x00000000c0000000,0x00000000c2d91078,0x00000000c6c00000)
 Metaspace       used 5779K, capacity 6960K, committed 7040K, reserved 1056768K
  class space    used 575K, capacity 616K, committed 640K, reserved 1048576K
Event: 3.115 GC heap after
Heap after GC invocations=6 (full 1):
 PSYoungGen      total 101888K, used 3564K [0x00000000eab00000, 0x00000000f7b80000, 0x0000000100000000)
  eden space 98304K, 0% used [0x00000000eab00000,0x00000000eab00000,0x00000000f0b00000)
  from space 3584K, 99% used [0x00000000f0b00000,0x00000000f0e7b068,0x00000000f0e80000)
  to   space 33280K, 0% used [0x00000000f5b00000,0x00000000f5b00000,0x00000000f7b80000)
 ParOldGen       total 110592K, used 66420K [0x00000000c0000000, 0x00000000c6c00000, 0x00000000eab00000)
  object space 110592K, 60% used [0x00000000c0000000,0x00000000c40dd360,0x00000000c6c00000)
 Metaspace       used 5779K, capacity 6960K, committed 7040K, reserved 1056768K
  class space    used 575K, capacity 616K, committed 640K, reserved 1048576K
}
Event: 3.682 GC heap before
{Heap before GC invocations=7 (full 1):
 PSYoungGen      total 101888K, used 101868K [0x00000000eab00000, 0x00000000f7b80000, 0x0000000100000000)
  eden space 98304K, 100% used [0x00000000eab00000,0x00000000f0b00000,0x00000000f0b00000)
  from space 3584K, 99% used [0x00000000f0b00000,0x00000000f0e7b068,0x00000000f0e80000)
  to   space 33280K, 0% used [0x00000000f5b00000,0x00000000f5b00000,0x00000000f7b80000)
 ParOldGen       total 110592K, used 66420K [0x00000000c0000000, 0x00000000c6c00000, 0x00000000eab00000)
  object space 110592K, 60% used [0x00000000c0000000,0x00000000c40dd360,0x00000000c6c00000)
 Metaspace       used 5836K, capacity 6960K, committed 7040K, reserved 1056768K
  class space    used 575K, capacity 616K, committed 640K, reserved 1048576K
Event: 3.729 GC heap after
Heap after GC invocations=7 (full 1):
 PSYoungGen      total 175616K, used 30297K [0x00000000eab00000, 0x00000000f8480000, 0x0000000100000000)
  eden space 142336K, 0% used [0x00000000eab00000,0x00000000eab00000,0x00000000f3600000)
  from space 33280K, 91% used [0x00000000f5b00000,0x00000000f78967c0,0x00000000f7b80000)
  to   space 37888K, 0% used [0x00000000f3600000,0x00000000f3600000,0x00000000f5b00000)
 ParOldGen       total 110592K, used 66428K [0x00000000c0000000, 0x00000000c6c00000, 0x00000000eab00000)
  object space 110592K, 60% used [0x00000000c0000000,0x00000000c40df360,0x00000000c6c00000)
 Metaspace       used 5836K, capacity 6960K, committed 7040K, reserved 1056768K
  class space    used 575K, capacity 616K, committed 640K, reserved 1048576K
}
Event: 4.470 GC heap before
{Heap before GC invocations=8 (full 1):
 PSYoungGen      total 175616K, used 172633K [0x00000000eab00000, 0x00000000f8480000, 0x0000000100000000)
  eden space 142336K, 100% used [0x00000000eab00000,0x00000000f3600000,0x00000000f3600000)
  from space 33280K, 91% used [0x00000000f5b00000,0x00000000f78967c0,0x00000000f7b80000)
  to   space 37888K, 0% used [0x00000000f3600000,0x00000000f3600000,0x00000000f5b00000)
 ParOldGen       total 110592K, used 66428K [0x00000000c0000000, 0x00000000c6c00000, 0x00000000eab00000)
  object space 110592K, 60% used [0x00000000c0000000,0x00000000c40df360,0x00000000c6c00000)
 Metaspace       used 5937K, capacity 7088K, committed 7296K, reserved 1056768K
  class space    used 575K, capacity 616K, committed 640K, reserved 1048576K
Event: 4.547 GC heap after
Heap after GC invocations=8 (full 1):
 PSYoungGen      total 180224K, used 37857K [0x00000000eab00000, 0x00000000fda00000, 0x0000000100000000)
  eden space 142336K, 0% used [0x00000000eab00000,0x00000000eab00000,0x00000000f3600000)
  from space 37888K, 99% used [0x00000000f3600000,0x00000000f5af86c0,0x00000000f5b00000)
  to   space 47616K, 0% used [0x00000000fab80000,0x00000000fab80000,0x00000000fda00000)
 ParOldGen       total 110592K, used 72955K [0x00000000c0000000, 0x00000000c6c00000, 0x00000000eab00000)
  object space 110592K, 65% used [0x00000000c0000000,0x00000000c473eef8,0x00000000c6c00000)
 Metaspace       used 5937K, capacity 7088K, committed 7296K, reserved 1056768K
  class space    used 575K, capacity 616K, committed 640K, reserved 1048576K
}
Event: 5.281 GC heap before
{Heap before GC invocations=9 (full 1):
 PSYoungGen      total 180224K, used 180193K [0x00000000eab00000, 0x00000000fda00000, 0x0000000100000000)
  eden space 142336K, 100% used [0x00000000eab00000,0x00000000f3600000,0x00000000f3600000)
  from space 37888K, 99% used [0x00000000f3600000,0x00000000f5af86c0,0x00000000f5b00000)
  to   space 47616K, 0% used [0x00000000fab80000,0x00000000fab80000,0x00000000fda00000)
 ParOldGen       total 110592K, used 72955K [0x00000000c0000000, 0x00000000c6c00000, 0x00000000eab00000)
  object space 110592K, 65% used [0x00000000c0000000,0x00000000c473eef8,0x00000000c6c00000)
 Metaspace       used 5975K, capacity 7088K, committed 7296K, reserved 1056768K
  class space    used 577K, capacity 616K, committed 640K, reserved 1048576K

