# JRE version: Java(TM) SE Runtime Environment (8.0_91-b14) (build 1.8.0_91-b14)
# Java VM: Java HotSpot(TM) 64-Bit Server VM (25.91-b14 mixed mode linux-amd64 compressed oops)
Heap:
 PSYoungGen      total 228352K, used 59318K [0x00000000eab00000, 0x0000000100000000, 0x0000000100000000)
  eden space 123904K, 0% used [0x00000000eab00000,0x00000000eab00000,0x00000000f2400000)
  from space 104448K, 56% used [0x00000000f9a00000,0x00000000fd3eda58,0x0000000100000000)
  to   space 112640K, 0% used [0x00000000f2400000,0x00000000f2400000,0x00000000f9200000)
 ParOldGen       total 179712K, used 179696K [0x00000000c0000000, 0x00000000caf80000, 0x00000000eab00000)
  object space 179712K, 99% used [0x00000000c0000000,0x00000000caf7c350,0x00000000caf80000)
 Metaspace       used 6415K, capacity 7256K, committed 7424K, reserved 1056768K
  class space    used 613K, capacity 656K, committed 768K, reserved 1048576K
GC Heap History (10 events):
Event: 31.196 GC heap after
Heap after GC invocations=10 (full 1):
 PSYoungGen      total 218624K, used 58878K [0x00000000eab00000, 0x0000000100000000, 0x0000000100000000)
  eden space 159744K, 0% used [0x00000000eab00000,0x00000000eab00000,0x00000000f4700000)
  from space 58880K, 99% used [0x00000000f4700000,0x00000000f807f8e8,0x00000000f8080000)
  to   space 72704K, 0% used [0x00000000fb900000,0x00000000fb900000,0x0000000100000000)
 ParOldGen       total 165376K, used 103116K [0x00000000c0000000, 0x00000000ca180000, 0x00000000eab00000)
  object space 165376K, 62% used [0x00000000c0000000,0x00000000c64b3398,0x00000000ca180000)
 Metaspace       used 6092K, capacity 7000K, committed 7168K, reserved 1056768K
  class space    used 613K, capacity 656K, committed 768K, reserved 1048576K
}
Event: 34.852 GC heap before
{Heap before GC invocations=11 (full 1):
 PSYoungGen      total 218624K, used 218622K [0x00000000eab00000, 0x0000000100000000, 0x0000000100000000)
  eden space 159744K, 100% used [0x00000000eab00000,0x00000000f4700000,0x00000000f4700000)
  from space 58880K, 99% used [0x00000000f4700000,0x00000000f807f8e8,0x00000000f8080000)
  to   space 72704K, 0% used [0x00000000fb900000,0x00000000fb900000,0x0000000100000000)
 ParOldGen       total 165376K, used 103116K [0x00000000c0000000, 0x00000000ca180000, 0x00000000eab00000)
  object space 165376K, 62% used [0x00000000c0000000,0x00000000c64b3398,0x00000000ca180000)
 Metaspace       used 6370K, capacity 7192K, committed 7424K, reserved 1056768K
  class space    used 613K, capacity 656K, committed 768K, reserved 1048576K
Event: 35.801 GC heap after
Heap after GC invocations=11 (full 1):
 PSYoungGen      total 226304K, used 72672K [0x00000000eab00000, 0x0000000100000000, 0x0000000100000000)
  eden space 153600K, 0% used [0x00000000eab00000,0x00000000eab00000,0x00000000f4100000)
  from space 72704K, 99% used [0x00000000fb900000,0x00000000ffff80d0,0x0000000100000000)
  to   space 97792K, 0% used [0x00000000f4100000,0x00000000f4100000,0x00000000fa080000)
 ParOldGen       total 165376K, used 135884K [0x00000000c0000000, 0x00000000ca180000, 0x00000000eab00000)
  object space 165376K, 82% used [0x00000000c0000000,0x00000000c84b32f8,0x00000000ca180000)
 Metaspace       used 6370K, capacity 7192K, committed 7424K, reserved 1056768K
  class space    used 613K, capacity 656K, committed 768K, reserved 1048576K
}
Event: 35.801 GC heap before
{Heap before GC invocations=12 (full 2):
 PSYoungGen      total 226304K, used 72672K [0x00000000eab00000, 0x0000000100000000, 0x0000000100000000)
  eden space 153600K, 0% used [0x00000000eab00000,0x00000000eab00000,0x00000000f4100000)
  from space 72704K, 99% used [0x00000000fb900000,0x00000000ffff80d0,0x0000000100000000)
  to   space 97792K, 0% used [0x00000000f4100000,0x00000000f4100000,0x00000000fa080000)
 ParOldGen       total 165376K, used 135884K [0x00000000c0000000, 0x00000000ca180000, 0x00000000eab00000)
  object space 165376K, 82% used [0x00000000c0000000,0x00000000c84b32f8,0x00000000ca180000)
 Metaspace       used 6370K, capacity 7192K, committed 7424K, reserved 1056768K
  class space    used 613K, capacity 656K, committed 768K, reserved 1048576K
Event: 38.771 GC heap after
Heap after GC invocations=12 (full 2):
 PSYoungGen      total 226304K, used 0K [0x00000000eab00000, 0x0000000100000000, 0x0000000100000000)
  eden space 153600K, 0% used [0x00000000eab00000,0x00000000eab00000,0x00000000f4100000)
  from space 72704K, 0% used [0x00000000fb900000,0x00000000fb900000,0x0000000100000000)
  to   space 97792K, 0% used [0x00000000f4100000,0x00000000f4100000,0x00000000fa080000)
 ParOldGen       total 171008K, used 84520K [0x00000000c0000000, 0x00000000ca700000, 0x00000000eab00000)
  object space 171008K, 49% used [0x00000000c0000000,0x00000000c528a1b0,0x00000000ca700000)
 Metaspace       used 6370K, capacity 7192K, committed 7424K, reserved 1056768K
  class space    used 613K, capacity 656K, committed 768K, reserved 1048576K
}
Event: 39.688 GC heap before
{Heap before GC invocations=13 (full 2):
 PSYoungGen      total 226304K, used 153600K [0x00000000eab00000, 0x0000000100000000, 0x0000000100000000)
  eden space 153600K, 100% used [0x00000000eab00000,0x00000000f4100000,0x00000000f4100000)
  from space 72704K, 0% used [0x00000000fb900000,0x00000000fb900000,0x0000000100000000)
  to   space 97792K, 0% used [0x00000000f4100000,0x00000000f4100000,0x00000000fa080000)
 ParOldGen       total 171008K, used 84520K [0x00000000c0000000, 0x00000000ca700000, 0x00000000eab00000)
  object space 171008K, 49% used [0x00000000c0000000,0x00000000c528a1b0,0x00000000ca700000)
 Metaspace       used 6406K, capacity 7256K, committed 7424K, reserved 1056768K
  class space    used 613K, capacity 656K, committed 768K, reserved 1048576K
Event: 39.844 GC heap after
Heap after GC invocations=13 (full 2):
 PSYoungGen      total 244736K, used 91000K [0x00000000eab00000, 0x0000000100000000, 0x0000000100000000)
  eden space 153600K, 0% used [0x00000000eab00000,0x00000000eab00000,0x00000000f4100000)
  from space 91136K, 99% used [0x00000000f4100000,0x00000000f99de1a0,0x00000000f9a00000)
  to   space 104448K, 0% used [0x00000000f9a00000,0x00000000f9a00000,0x0000000100000000)
 ParOldGen       total 171008K, used 84528K [0x00000000c0000000, 0x00000000ca700000, 0x00000000eab00000)
  object space 171008K, 49% used [0x00000000c0000000,0x00000000c528c1b0,0x00000000ca700000)
 Metaspace       used 6406K, capacity 7256K, committed 7424K, reserved 1056768K
  class space    used 613K, capacity 656K, committed 768K, reserved 1048576K
}
Event: 40.615 GC heap before
{Heap before GC invocations=14 (full 2):
 PSYoungGen      total 244736K, used 244600K [0x00000000eab00000, 0x0000000100000000, 0x0000000100000000)
  eden space 153600K, 100% used [0x00000000eab00000,0x00000000f4100000,0x00000000f4100000)
  from space 91136K, 99% used [0x00000000f4100000,0x00000000f99de1a0,0x00000000f9a00000)
  to   space 104448K, 0% used [0x00000000f9a00000,0x00000000f9a00000,0x0000000100000000)
 ParOldGen       total 171008K, used 84528K [0x00000000c0000000, 0x00000000ca700000, 0x00000000eab00000)
  object space 171008K, 49% used [0x00000000c0000000,0x00000000c528c1b0,0x00000000ca700000)
 Metaspace       used 6415K, capacity 7256K, committed 7424K, reserved 1056768K
  class space    used 613K, capacity 656K, committed 768K, reserved 1048576K
Event: 41.016 GC heap after
Heap after GC invocations=14 (full 2):
 PSYoungGen      total 228352K, used 59318K [0x00000000eab00000, 0x0000000100000000, 0x0000000100000000)
  eden space 123904K, 0% used [0x00000000eab00000,0x00000000eab00000,0x00000000f2400000)
  from space 104448K, 56% used [0x00000000f9a00000,0x00000000fd3eda58,0x0000000100000000)
  to   space 112640K, 0% used [0x00000000f2400000,0x00000000f2400000,0x00000000f9200000)
 ParOldGen       total 179712K, used 179696K [0x00000000c0000000, 0x00000000caf80000, 0x00000000eab00000)
  object space 179712K, 99% used [0x00000000c0000000,0x00000000caf7c350,0x00000000caf80000)
 Metaspace       used 6415K, capacity 7256K, committed 7424K, reserved 1056768K
  class space    used 613K, capacity 656K, committed 768K, reserved 1048576K
}
Event: 41.016 GC heap before
{Heap before GC invocations=15 (full 3):
 PSYoungGen      total 228352K, used 59318K [0x00000000eab00000, 0x0000000100000000, 0x0000000100000000)
  eden space 123904K, 0% used [0x00000000eab00000,0x00000000eab00000,0x00000000f2400000)
  from space 104448K, 56% used [0x00000000f9a00000,0x00000000fd3eda58,0x0000000100000000)
  to   space 112640K, 0% used [0x00000000f2400000,0x00000000f2400000,0x00000000f9200000)
 ParOldGen       total 179712K, used 179696K [0x00000000c0000000, 0x00000000caf80000, 0x00000000eab00000)
  object space 179712K, 99% used [0x00000000c0000000,0x00000000caf7c350,0x00000000caf80000)
 Metaspace       used 6415K, capacity 7256K, committed 7424K, reserved 1056768K
  class space    used 613K, capacity 656K, committed 768K, reserved 1048576K

