# JRE version: Java(TM) SE Runtime Environment (8.0_91-b14) (build 1.8.0_91-b14)
# Java VM: Java HotSpot(TM) 64-Bit Server VM (25.91-b14 mixed mode linux-amd64 compressed oops)
Heap:
 PSYoungGen      total 169984K, used 92155K [0x00000000eab00000, 0x00000000f9f80000, 0x0000000100000000)
  eden space 114176K, 34% used [0x00000000eab00000,0x00000000ed1f42d8,0x00000000f1a80000)
  from space 55808K, 93% used [0x00000000f5880000,0x00000000f8b8aa20,0x00000000f8f00000)
  to   space 63488K, 0% used [0x00000000f1a80000,0x00000000f1a80000,0x00000000f5880000)
 ParOldGen       total 101888K, used 78740K [0x00000000c0000000, 0x00000000c6380000, 0x00000000eab00000)
  object space 101888K, 77% used [0x00000000c0000000,0x00000000c4ce52c0,0x00000000c6380000)
 Metaspace       used 6030K, capacity 7152K, committed 7296K, reserved 1056768K
  class space    used 582K, capacity 616K, committed 640K, reserved 1048576K
GC Heap History (10 events):
Event: 9.629 GC heap before
{Heap before GC invocations=7 (full 1):
 PSYoungGen      total 51712K, used 48128K [0x00000000eab00000, 0x00000000f3b00000, 0x0000000100000000)
  eden space 48128K, 100% used [0x00000000eab00000,0x00000000eda00000,0x00000000eda00000)
  from space 3584K, 0% used [0x00000000eda00000,0x00000000eda00000,0x00000000edd80000)
  to   space 25600K, 0% used [0x00000000f2200000,0x00000000f2200000,0x00000000f3b00000)
 ParOldGen       total 101888K, used 42803K [0x00000000c0000000, 0x00000000c6380000, 0x00000000eab00000)
  object space 101888K, 42% used [0x00000000c0000000,0x00000000c29ccd88,0x00000000c6380000)
 Metaspace       used 5728K, capacity 6896K, committed 7040K, reserved 1056768K
  class space    used 575K, capacity 616K, committed 640K, reserved 1048576K
Event: 9.853 GC heap after
Heap after GC invocations=7 (full 1):
 PSYoungGen      total 89600K, used 18851K [0x00000000eab00000, 0x00000000f3480000, 0x0000000100000000)
  eden space 70656K, 0% used [0x00000000eab00000,0x00000000eab00000,0x00000000ef000000)
  from space 18944K, 99% used [0x00000000f2200000,0x00000000f3468eb0,0x00000000f3480000)
  to   space 27136K, 0% used [0x00000000eff80000,0x00000000eff80000,0x00000000f1a00000)
 ParOldGen       total 101888K, used 42803K [0x00000000c0000000, 0x00000000c6380000, 0x00000000eab00000)
  object space 101888K, 42% used [0x00000000c0000000,0x00000000c29ccd88,0x00000000c6380000)
 Metaspace       used 5728K, capacity 6896K, committed 7040K, reserved 1056768K
  class space    used 575K, capacity 616K, committed 640K, reserved 1048576K
}
Event: 11.388 GC heap before
{Heap before GC invocations=8 (full 1):
 PSYoungGen      total 89600K, used 89507K [0x00000000eab00000, 0x00000000f3480000, 0x0000000100000000)
  eden space 70656K, 100% used [0x00000000eab00000,0x00000000ef000000,0x00000000ef000000)
  from space 18944K, 99% used [0x00000000f2200000,0x00000000f3468eb0,0x00000000f3480000)
  to   space 27136K, 0% used [0x00000000eff80000,0x00000000eff80000,0x00000000f1a00000)
 ParOldGen       total 101888K, used 42803K [0x00000000c0000000, 0x00000000c6380000, 0x00000000eab00000)
  object space 101888K, 42% used [0x00000000c0000000,0x00000000c29ccd88,0x00000000c6380000)
 Metaspace       used 5785K, capacity 6960K, committed 7040K, reserved 1056768K
  class space    used 575K, capacity 616K, committed 640K, reserved 1048576K
Event: 11.578 GC heap after
Heap after GC invocations=8 (full 1):
 PSYoungGen      total 113664K, used 27121K [0x00000000eab00000, 0x00000000f5080000, 0x0000000100000000)
  eden space 86528K, 0% used [0x00000000eab00000,0x00000000eab00000,0x00000000eff80000)
  from space 27136K, 99% used [0x00000000eff80000,0x00000000f19fc6c8,0x00000000f1a00000)
  to   space 32768K, 0% used [0x00000000f3080000,0x00000000f3080000,0x00000000f5080000)
 ParOldGen       total 101888K, used 44891K [0x00000000c0000000, 0x00000000c6380000, 0x00000000eab00000)
  object space 101888K, 44% used [0x00000000c0000000,0x00000000c2bd6d88,0x00000000c6380000)
 Metaspace       used 5785K, capacity 6960K, committed 7040K, reserved 1056768K
  class space    used 575K, capacity 616K, committed 640K, reserved 1048576K
}
Event: 13.098 GC heap before
{Heap before GC invocations=9 (full 1):
 PSYoungGen      total 113664K, used 113649K [0x00000000eab00000, 0x00000000f5080000, 0x0000000100000000)
  eden space 86528K, 100% used [0x00000000eab00000,0x00000000eff80000,0x00000000eff80000)
  from space 27136K, 99% used [0x00000000eff80000,0x00000000f19fc6c8,0x00000000f1a00000)
  to   space 32768K, 0% used [0x00000000f3080000,0x00000000f3080000,0x00000000f5080000)
 ParOldGen       total 101888K, used 44891K [0x00000000c0000000, 0x00000000c6380000, 0x00000000eab00000)
  object space 101888K, 44% used [0x00000000c0000000,0x00000000c2bd6d88,0x00000000c6380000)
 Metaspace       used 5877K, capacity 7024K, committed 7296K, reserved 1056768K
  class space    used 575K, capacity 616K, committed 640K, reserved 1048576K
Event: 13.308 GC heap after
Heap after GC invocations=9 (full 1):
 PSYoungGen      total 125952K, used 32741K [0x00000000eab00000, 0x00000000f7d00000, 0x0000000100000000)
  eden space 93184K, 0% used [0x00000000eab00000,0x00000000eab00000,0x00000000f0600000)
  from space 32768K, 99% used [0x00000000f3080000,0x00000000f50794f8,0x00000000f5080000)
  to   space 43520K, 0% used [0x00000000f0600000,0x00000000f0600000,0x00000000f3080000)
 ParOldGen       total 101888K, used 56470K [0x00000000c0000000, 0x00000000c6380000, 0x00000000eab00000)
  object space 101888K, 55% used [0x00000000c0000000,0x00000000c3725b08,0x00000000c6380000)
 Metaspace       used 5877K, capacity 7024K, committed 7296K, reserved 1056768K
  class space    used 575K, capacity 616K, committed 640K, reserved 1048576K
}
Event: 15.636 GC heap before
{Heap before GC invocations=10 (full 1):
 PSYoungGen      total 125952K, used 125925K [0x00000000eab00000, 0x00000000f7d00000, 0x0000000100000000)
  eden space 93184K, 100% used [0x00000000eab00000,0x00000000f0600000,0x00000000f0600000)
  from space 32768K, 99% used [0x00000000f3080000,0x00000000f50794f8,0x00000000f5080000)
  to   space 43520K, 0% used [0x00000000f0600000,0x00000000f0600000,0x00000000f3080000)
 ParOldGen       total 101888K, used 56470K [0x00000000c0000000, 0x00000000c6380000, 0x00000000eab00000)
  object space 101888K, 55% used [0x00000000c0000000,0x00000000c3725b08,0x00000000c6380000)
 Metaspace       used 5891K, capacity 7024K, committed 7296K, reserved 1056768K
  class space    used 575K, capacity 616K, committed 640K, reserved 1048576K
Event: 16.121 GC heap after
Heap after GC invocations=10 (full 1):
 PSYoungGen      total 136704K, used 43519K [0x00000000eab00000, 0x00000000f8f00000, 0x0000000100000000)
  eden space 93184K, 0% used [0x00000000eab00000,0x00000000eab00000,0x00000000f0600000)
  from space 43520K, 99% used [0x00000000f0600000,0x00000000f307ff90,0x00000000f3080000)
  to   space 55808K, 0% used [0x00000000f5880000,0x00000000f5880000,0x00000000f8f00000)
 ParOldGen       total 101888K, used 69956K [0x00000000c0000000, 0x00000000c6380000, 0x00000000eab00000)
  object space 101888K, 68% used [0x00000000c0000000,0x00000000c4451020,0x00000000c6380000)
 Metaspace       used 5891K, capacity 7024K, committed 7296K, reserved 1056768K
  class space    used 575K, capacity 616K, committed 640K, reserved 1048576K
}
Event: 18.286 GC heap before
{Heap before GC invocations=11 (full 1):
 PSYoungGen      total 136704K, used 136703K [0x00000000eab00000, 0x00000000f8f00000, 0x0000000100000000)
  eden space 93184K, 100% used [0x00000000eab00000,0x00000000f0600000,0x00000000f0600000)
  from space 43520K, 99% used [0x00000000f0600000,0x00000000f307ff90,0x00000000f3080000)
  to   space 55808K, 0% used [0x00000000f5880000,0x00000000f5880000,0x00000000f8f00000)
 ParOldGen       total 101888K, used 69956K [0x00000000c0000000, 0x00000000c6380000, 0x00000000eab00000)
  object space 101888K, 68% used [0x00000000c0000000,0x00000000c4451020,0x00000000c6380000)
 Metaspace       used 5955K, capacity 7088K, committed 7296K, reserved 1056768K
  class space    used 577K, capacity 616K, committed 640K, reserved 1048576K
Event: 18.727 GC heap after
Heap after GC invocations=11 (full 1):
 PSYoungGen      total 169984K, used 52266K [0x00000000eab00000, 0x00000000f9f80000, 0x0000000100000000)
  eden space 114176K, 0% used [0x00000000eab00000,0x00000000eab00000,0x00000000f1a80000)
  from space 55808K, 93% used [0x00000000f5880000,0x00000000f8b8aa20,0x00000000f8f00000)
  to   space 63488K, 0% used [0x00000000f1a80000,0x00000000f1a80000,0x00000000f5880000)
 ParOldGen       total 101888K, used 78740K [0x00000000c0000000, 0x00000000c6380000, 0x00000000eab00000)
  object space 101888K, 77% used [0x00000000c0000000,0x00000000c4ce52c0,0x00000000c6380000)
 Metaspace       used 5955K, capacity 7088K, committed 7296K, reserved 1056768K
  class space    used 577K, capacity 616K, committed 640K, reserved 1048576K
}

