# JRE version: Java(TM) SE Runtime Environment (8.0_91-b14) (build 1.8.0_91-b14)
# Java VM: Java HotSpot(TM) 64-Bit Server VM (25.91-b14 mixed mode linux-amd64 compressed oops)
Heap:
 PSYoungGen      total 232960K, used 103098K [0x00000000eab00000, 0x0000000100000000, 0x0000000100000000)
  eden space 116736K, 88% used [0x00000000eab00000,0x00000000f0fae9a0,0x00000000f1d00000)
  from space 116224K, 0% used [0x00000000f1d00000,0x00000000f1d00000,0x00000000f8e80000)
  to   space 116224K, 0% used [0x00000000f8e80000,0x00000000f8e80000,0x0000000100000000)
 ParOldGen       total 425984K, used 221590K [0x00000000c0000000, 0x00000000da000000, 0x00000000eab00000)
  object space 425984K, 52% used [0x00000000c0000000,0x00000000cd865818,0x00000000da000000)
 Metaspace       used 6558K, capacity 7320K, committed 7680K, reserved 1056768K
  class space    used 620K, capacity 656K, committed 768K, reserved 1048576K
GC Heap History (10 events):
Event: 37.124 GC heap before
{Heap before GC invocations=19 (full 3):
 PSYoungGen      total 232960K, used 139460K [0x00000000eab00000, 0x0000000100000000, 0x0000000100000000)
  eden space 116736K, 100% used [0x00000000eab00000,0x00000000f1d00000,0x00000000f1d00000)
  from space 116224K, 19% used [0x00000000f1d00000,0x00000000f33310c0,0x00000000f8e80000)
  to   space 116224K, 0% used [0x00000000f8e80000,0x00000000f8e80000,0x0000000100000000)
 ParOldGen       total 351232K, used 235709K [0x00000000c0000000, 0x00000000d5700000, 0x00000000eab00000)
  object space 351232K, 67% used [0x00000000c0000000,0x00000000ce62f4b0,0x00000000d5700000)
 Metaspace       used 6441K, capacity 7256K, committed 7424K, reserved 1056768K
  class space    used 614K, capacity 656K, committed 768K, reserved 1048576K
Event: 37.640 GC heap after
Heap after GC invocations=19 (full 3):
 PSYoungGen      total 225792K, used 29251K [0x00000000eab00000, 0x00000000ff900000, 0x0000000100000000)
  eden space 116736K, 0% used [0x00000000eab00000,0x00000000eab00000,0x00000000f1d00000)
  from space 109056K, 26% used [0x00000000f8e80000,0x00000000fab10d98,0x00000000ff900000)
  to   space 112640K, 0% used [0x00000000f1d00000,0x00000000f1d00000,0x00000000f8b00000)
 ParOldGen       total 351232K, used 254184K [0x00000000c0000000, 0x00000000d5700000, 0x00000000eab00000)
  object space 351232K, 72% used [0x00000000c0000000,0x00000000cf83a1b0,0x00000000d5700000)
 Metaspace       used 6441K, capacity 7256K, committed 7424K, reserved 1056768K
  class space    used 614K, capacity 656K, committed 768K, reserved 1048576K
}
Event: 40.235 GC heap before
{Heap before GC invocations=20 (full 3):
 PSYoungGen      total 225792K, used 145987K [0x00000000eab00000, 0x00000000ff900000, 0x0000000100000000)
  eden space 116736K, 100% used [0x00000000eab00000,0x00000000f1d00000,0x00000000f1d00000)
  from space 109056K, 26% used [0x00000000f8e80000,0x00000000fab10d98,0x00000000ff900000)
  to   space 112640K, 0% used [0x00000000f1d00000,0x00000000f1d00000,0x00000000f8b00000)
 ParOldGen       total 351232K, used 254184K [0x00000000c0000000, 0x00000000d5700000, 0x00000000eab00000)
  object space 351232K, 72% used [0x00000000c0000000,0x00000000cf83a1b0,0x00000000d5700000)
 Metaspace       used 6461K, capacity 7256K, committed 7424K, reserved 1056768K
  class space    used 614K, capacity 656K, committed 768K, reserved 1048576K
Event: 40.569 GC heap after
Heap after GC invocations=20 (full 3):
 PSYoungGen      total 229376K, used 55122K [0x00000000eab00000, 0x00000000ffe80000, 0x0000000100000000)
  eden space 116736K, 0% used [0x00000000eab00000,0x00000000eab00000,0x00000000f1d00000)
  from space 112640K, 48% used [0x00000000f1d00000,0x00000000f52d4968,0x00000000f8b00000)
  to   space 110080K, 0% used [0x00000000f9300000,0x00000000f9300000,0x00000000ffe80000)
 ParOldGen       total 351232K, used 254184K [0x00000000c0000000, 0x00000000d5700000, 0x00000000eab00000)
  object space 351232K, 72% used [0x00000000c0000000,0x00000000cf83a1b0,0x00000000d5700000)
 Metaspace       used 6461K, capacity 7256K, committed 7424K, reserved 1056768K
  class space    used 614K, capacity 656K, committed 768K, reserved 1048576K
}
Event: 47.268 GC heap before
{Heap before GC invocations=21 (full 3):
 PSYoungGen      total 229376K, used 171858K [0x00000000eab00000, 0x00000000ffe80000, 0x0000000100000000)
  eden space 116736K, 100% used [0x00000000eab00000,0x00000000f1d00000,0x00000000f1d00000)
  from space 112640K, 48% used [0x00000000f1d00000,0x00000000f52d4968,0x00000000f8b00000)
  to   space 110080K, 0% used [0x00000000f9300000,0x00000000f9300000,0x00000000ffe80000)
 ParOldGen       total 351232K, used 254184K [0x00000000c0000000, 0x00000000d5700000, 0x00000000eab00000)
  object space 351232K, 72% used [0x00000000c0000000,0x00000000cf83a1b0,0x00000000d5700000)
 Metaspace       used 6463K, capacity 7256K, committed 7424K, reserved 1056768K
  class space    used 614K, capacity 656K, committed 768K, reserved 1048576K
Event: 48.056 GC heap after
Heap after GC invocations=21 (full 3):
 PSYoungGen      total 226816K, used 80465K [0x00000000eab00000, 0x0000000100000000, 0x0000000100000000)
  eden space 116736K, 0% used [0x00000000eab00000,0x00000000eab00000,0x00000000f1d00000)
  from space 110080K, 73% used [0x00000000f9300000,0x00000000fe194530,0x00000000ffe80000)
  to   space 116224K, 0% used [0x00000000f1d00000,0x00000000f1d00000,0x00000000f8e80000)
 ParOldGen       total 351232K, used 254184K [0x00000000c0000000, 0x00000000d5700000, 0x00000000eab00000)
  object space 351232K, 72% used [0x00000000c0000000,0x00000000cf83a1b0,0x00000000d5700000)
 Metaspace       used 6463K, capacity 7256K, committed 7424K, reserved 1056768K
  class space    used 614K, capacity 656K, committed 768K, reserved 1048576K
}
Event: 48.824 GC heap before
{Heap before GC invocations=22 (full 3):
 PSYoungGen      total 226816K, used 197201K [0x00000000eab00000, 0x0000000100000000, 0x0000000100000000)
  eden space 116736K, 100% used [0x00000000eab00000,0x00000000f1d00000,0x00000000f1d00000)
  from space 110080K, 73% used [0x00000000f9300000,0x00000000fe194530,0x00000000ffe80000)
  to   space 116224K, 0% used [0x00000000f1d00000,0x00000000f1d00000,0x00000000f8e80000)
 ParOldGen       total 351232K, used 254184K [0x00000000c0000000, 0x00000000d5700000, 0x00000000eab00000)
  object space 351232K, 72% used [0x00000000c0000000,0x00000000cf83a1b0,0x00000000d5700000)
 Metaspace       used 6463K, capacity 7256K, committed 7424K, reserved 1056768K
  class space    used 614K, capacity 656K, committed 768K, reserved 1048576K
Event: 49.625 GC heap after
Heap after GC invocations=22 (full 3):
 PSYoungGen      total 232960K, used 86736K [0x00000000eab00000, 0x0000000100000000, 0x0000000100000000)
  eden space 116736K, 0% used [0x00000000eab00000,0x00000000eab00000,0x00000000f1d00000)
  from space 116224K, 74% used [0x00000000f1d00000,0x00000000f71b4360,0x00000000f8e80000)
  to   space 116224K, 0% used [0x00000000f8e80000,0x00000000f8e80000,0x0000000100000000)
 ParOldGen       total 351232K, used 304519K [0x00000000c0000000, 0x00000000d5700000, 0x00000000eab00000)
  object space 351232K, 86% used [0x00000000c0000000,0x00000000d2961c50,0x00000000d5700000)
 Metaspace       used 6463K, capacity 7256K, committed 7424K, reserved 1056768K
  class space    used 614K, capacity 656K, committed 768K, reserved 1048576K
}
Event: 49.625 GC heap before
{Heap before GC invocations=23 (full 4):
 PSYoungGen      total 232960K, used 86736K [0x00000000eab00000, 0x0000000100000000, 0x0000000100000000)
  eden space 116736K, 0% used [0x00000000eab00000,0x00000000eab00000,0x00000000f1d00000)
  from space 116224K, 74% used [0x00000000f1d00000,0x00000000f71b4360,0x00000000f8e80000)
  to   space 116224K, 0% used [0x00000000f8e80000,0x00000000f8e80000,0x0000000100000000)
 ParOldGen       total 351232K, used 304519K [0x00000000c0000000, 0x00000000d5700000, 0x00000000eab00000)
  object space 351232K, 86% used [0x00000000c0000000,0x00000000d2961c50,0x00000000d5700000)
 Metaspace       used 6463K, capacity 7256K, committed 7424K, reserved 1056768K
  class space    used 614K, capacity 656K, committed 768K, reserved 1048576K
Event: 52.837 GC heap after
Heap after GC invocations=23 (full 4):
 PSYoungGen      total 232960K, used 0K [0x00000000eab00000, 0x0000000100000000, 0x0000000100000000)
  eden space 116736K, 0% used [0x00000000eab00000,0x00000000eab00000,0x00000000f1d00000)
  from space 116224K, 0% used [0x00000000f1d00000,0x00000000f1d00000,0x00000000f8e80000)
  to   space 116224K, 0% used [0x00000000f8e80000,0x00000000f8e80000,0x0000000100000000)
 ParOldGen       total 425984K, used 221590K [0x00000000c0000000, 0x00000000da000000, 0x00000000eab00000)
  object space 425984K, 52% used [0x00000000c0000000,0x00000000cd865818,0x00000000da000000)
 Metaspace       used 6463K, capacity 7256K, committed 7424K, reserved 1056768K
  class space    used 614K, capacity 656K, committed 768K, reserved 1048576K
}

