# JRE version: Java(TM) SE Runtime Environment (8.0_91-b14) (build 1.8.0_91-b14)
# Java VM: Java HotSpot(TM) 64-Bit Server VM (25.91-b14 mixed mode linux-amd64 compressed oops)
Heap:
 PSYoungGen      total 155648K, used 155640K [0x00000000eab00000, 0x00000000f7580000, 0x0000000100000000)
  eden space 130048K, 100% used [0x00000000eab00000,0x00000000f2a00000,0x00000000f2a00000)
  from space 25600K, 99% used [0x00000000f4b80000,0x00000000f647e360,0x00000000f6480000)
  to   space 34304K, 49% used [0x00000000f2a00000,0x00000000f3ab9760,0x00000000f4b80000)
 ParOldGen       total 90112K, used 45224K [0x00000000c0000000, 0x00000000c5800000, 0x00000000eab00000)
  object space 90112K, 50% used [0x00000000c0000000,0x00000000c2c2a338,0x00000000c5800000)
 Metaspace       used 5934K, capacity 7088K, committed 7296K, reserved 1056768K
  class space    used 575K, capacity 616K, committed 640K, reserved 1048576K
GC Heap History (10 events):
Event: 7.485 GC heap after
Heap after GC invocations=3 (full 0):
 PSYoungGen      total 52736K, used 3569K [0x00000000eab00000, 0x00000000f1200000, 0x0000000100000000)
  eden space 49152K, 0% used [0x00000000eab00000,0x00000000eab00000,0x00000000edb00000)
  from space 3584K, 99% used [0x00000000edb00000,0x00000000ede7c4d0,0x00000000ede80000)
  to   space 3584K, 0% used [0x00000000f0e80000,0x00000000f0e80000,0x00000000f1200000)
 ParOldGen       total 64512K, used 25298K [0x00000000c0000000, 0x00000000c3f00000, 0x00000000eab00000)
  object space 64512K, 39% used [0x00000000c0000000,0x00000000c18b4a80,0x00000000c3f00000)
 Metaspace       used 5748K, capacity 6960K, committed 7040K, reserved 1056768K
  class space    used 575K, capacity 616K, committed 640K, reserved 1048576K
}
Event: 8.592 GC heap before
{Heap before GC invocations=4 (full 0):
 PSYoungGen      total 52736K, used 52721K [0x00000000eab00000, 0x00000000f1200000, 0x0000000100000000)
  eden space 49152K, 100% used [0x00000000eab00000,0x00000000edb00000,0x00000000edb00000)
  from space 3584K, 99% used [0x00000000edb00000,0x00000000ede7c4d0,0x00000000ede80000)
  to   space 3584K, 0% used [0x00000000f0e80000,0x00000000f0e80000,0x00000000f1200000)
 ParOldGen       total 64512K, used 25298K [0x00000000c0000000, 0x00000000c3f00000, 0x00000000eab00000)
  object space 64512K, 39% used [0x00000000c0000000,0x00000000c18b4a80,0x00000000c3f00000)
 Metaspace       used 5771K, capacity 6960K, committed 7040K, reserved 1056768K
  class space    used 575K, capacity 616K, committed 640K, reserved 1048576K
Event: 8.692 GC heap after
Heap after GC invocations=4 (full 0):
 PSYoungGen      total 101888K, used 3562K [0x00000000eab00000, 0x00000000f1200000, 0x0000000100000000)
  eden space 98304K, 0% used [0x00000000eab00000,0x00000000eab00000,0x00000000f0b00000)
  from space 3584K, 99% used [0x00000000f0e80000,0x00000000f11fa828,0x00000000f1200000)
  to   space 3584K, 0% used [0x00000000f0b00000,0x00000000f0b00000,0x00000000f0e80000)
 ParOldGen       total 64512K, used 43155K [0x00000000c0000000, 0x00000000c3f00000, 0x00000000eab00000)
  object space 64512K, 66% used [0x00000000c0000000,0x00000000c2a24c50,0x00000000c3f00000)
 Metaspace       used 5771K, capacity 6960K, committed 7040K, reserved 1056768K
  class space    used 575K, capacity 616K, committed 640K, reserved 1048576K
}
Event: 8.692 GC heap before
{Heap before GC invocations=5 (full 1):
 PSYoungGen      total 101888K, used 3562K [0x00000000eab00000, 0x00000000f1200000, 0x0000000100000000)
  eden space 98304K, 0% used [0x00000000eab00000,0x00000000eab00000,0x00000000f0b00000)
  from space 3584K, 99% used [0x00000000f0e80000,0x00000000f11fa828,0x00000000f1200000)
  to   space 3584K, 0% used [0x00000000f0b00000,0x00000000f0b00000,0x00000000f0e80000)
 ParOldGen       total 64512K, used 43155K [0x00000000c0000000, 0x00000000c3f00000, 0x00000000eab00000)
  object space 64512K, 66% used [0x00000000c0000000,0x00000000c2a24c50,0x00000000c3f00000)
 Metaspace       used 5771K, capacity 6960K, committed 7040K, reserved 1056768K
  class space    used 575K, capacity 616K, committed 640K, reserved 1048576K
Event: 9.353 GC heap after
Heap after GC invocations=5 (full 1):
 PSYoungGen      total 101888K, used 0K [0x00000000eab00000, 0x00000000f1200000, 0x0000000100000000)
  eden space 98304K, 0% used [0x00000000eab00000,0x00000000eab00000,0x00000000f0b00000)
  from space 3584K, 0% used [0x00000000f0e80000,0x00000000f0e80000,0x00000000f1200000)
  to   space 3584K, 0% used [0x00000000f0b00000,0x00000000f0b00000,0x00000000f0e80000)
 ParOldGen       total 90112K, used 26473K [0x00000000c0000000, 0x00000000c5800000, 0x00000000eab00000)
  object space 90112K, 29% used [0x00000000c0000000,0x00000000c19da4b8,0x00000000c5800000)
 Metaspace       used 5771K, capacity 6960K, committed 7040K, reserved 1056768K
  class space    used 575K, capacity 616K, committed 640K, reserved 1048576K
}
Event: 12.712 GC heap before
{Heap before GC invocations=6 (full 1):
 PSYoungGen      total 101888K, used 98304K [0x00000000eab00000, 0x00000000f1200000, 0x0000000100000000)
  eden space 98304K, 100% used [0x00000000eab00000,0x00000000f0b00000,0x00000000f0b00000)
  from space 3584K, 0% used [0x00000000f0e80000,0x00000000f0e80000,0x00000000f1200000)
  to   space 3584K, 0% used [0x00000000f0b00000,0x00000000f0b00000,0x00000000f0e80000)
 ParOldGen       total 90112K, used 26473K [0x00000000c0000000, 0x00000000c5800000, 0x00000000eab00000)
  object space 90112K, 29% used [0x00000000c0000000,0x00000000c19da4b8,0x00000000c5800000)
 Metaspace       used 5820K, capacity 7024K, committed 7296K, reserved 1056768K
  class space    used 575K, capacity 616K, committed 640K, reserved 1048576K
Event: 12.892 GC heap after
Heap after GC invocations=6 (full 1):
 PSYoungGen      total 101888K, used 3572K [0x00000000eab00000, 0x00000000f6480000, 0x0000000100000000)
  eden space 98304K, 0% used [0x00000000eab00000,0x00000000eab00000,0x00000000f0b00000)
  from space 3584K, 99% used [0x00000000f0b00000,0x00000000f0e7d1e8,0x00000000f0e80000)
  to   space 25600K, 0% used [0x00000000f4b80000,0x00000000f4b80000,0x00000000f6480000)
 ParOldGen       total 90112K, used 38248K [0x00000000c0000000, 0x00000000c5800000, 0x00000000eab00000)
  object space 90112K, 42% used [0x00000000c0000000,0x00000000c255a0d8,0x00000000c5800000)
 Metaspace       used 5820K, capacity 7024K, committed 7296K, reserved 1056768K
  class space    used 575K, capacity 616K, committed 640K, reserved 1048576K
}
Event: 16.218 GC heap before
{Heap before GC invocations=7 (full 1):
 PSYoungGen      total 101888K, used 101876K [0x00000000eab00000, 0x00000000f6480000, 0x0000000100000000)
  eden space 98304K, 100% used [0x00000000eab00000,0x00000000f0b00000,0x00000000f0b00000)
  from space 3584K, 99% used [0x00000000f0b00000,0x00000000f0e7d1e8,0x00000000f0e80000)
  to   space 25600K, 0% used [0x00000000f4b80000,0x00000000f4b80000,0x00000000f6480000)
 ParOldGen       total 90112K, used 38248K [0x00000000c0000000, 0x00000000c5800000, 0x00000000eab00000)
  object space 90112K, 42% used [0x00000000c0000000,0x00000000c255a0d8,0x00000000c5800000)
 Metaspace       used 5845K, capacity 7024K, committed 7296K, reserved 1056768K
  class space    used 575K, capacity 616K, committed 640K, reserved 1048576K
Event: 16.393 GC heap after
Heap after GC invocations=7 (full 1):
 PSYoungGen      total 155648K, used 25592K [0x00000000eab00000, 0x00000000f7580000, 0x0000000100000000)
  eden space 130048K, 0% used [0x00000000eab00000,0x00000000eab00000,0x00000000f2a00000)
  from space 25600K, 99% used [0x00000000f4b80000,0x00000000f647e360,0x00000000f6480000)
  to   space 34304K, 0% used [0x00000000f2a00000,0x00000000f2a00000,0x00000000f4b80000)
 ParOldGen       total 90112K, used 45224K [0x00000000c0000000, 0x00000000c5800000, 0x00000000eab00000)
  object space 90112K, 50% used [0x00000000c0000000,0x00000000c2c2a338,0x00000000c5800000)
 Metaspace       used 5845K, capacity 7024K, committed 7296K, reserved 1056768K
  class space    used 575K, capacity 616K, committed 640K, reserved 1048576K
}
Event: 19.244 GC heap before
{Heap before GC invocations=8 (full 1):
 PSYoungGen      total 155648K, used 155640K [0x00000000eab00000, 0x00000000f7580000, 0x0000000100000000)
  eden space 130048K, 100% used [0x00000000eab00000,0x00000000f2a00000,0x00000000f2a00000)
  from space 25600K, 99% used [0x00000000f4b80000,0x00000000f647e360,0x00000000f6480000)
  to   space 34304K, 0% used [0x00000000f2a00000,0x00000000f2a00000,0x00000000f4b80000)
 ParOldGen       total 90112K, used 45224K [0x00000000c0000000, 0x00000000c5800000, 0x00000000eab00000)
  object space 90112K, 50% used [0x00000000c0000000,0x00000000c2c2a338,0x00000000c5800000)
 Metaspace       used 5934K, capacity 7088K, committed 7296K, reserved 1056768K
  class space    used 575K, capacity 616K, committed 640K, reserved 1048576K

