# JRE version: Java(TM) SE Runtime Environment (8.0_91-b14) (build 1.8.0_91-b14)
# Java VM: Java HotSpot(TM) 64-Bit Server VM (25.91-b14 mixed mode linux-amd64 compressed oops)
Heap:
 PSYoungGen      total 232960K, used 18247K [0x00000000eab00000, 0x0000000100000000, 0x0000000100000000)
  eden space 116736K, 0% used [0x00000000eab00000,0x00000000eab00000,0x00000000f1d00000)
  from space 116224K, 15% used [0x00000000f8e80000,0x00000000fa051c70,0x0000000100000000)
  to   space 116224K, 0% used [0x00000000f1d00000,0x00000000f1d00000,0x00000000f8e80000)
 ParOldGen       total 364544K, used 291715K [0x00000000c0000000, 0x00000000d6400000, 0x00000000eab00000)
  object space 364544K, 80% used [0x00000000c0000000,0x00000000d1ce0ea8,0x00000000d6400000)
 Metaspace       used 6459K, capacity 7256K, committed 7424K, reserved 1056768K
  class space    used 613K, capacity 656K, committed 768K, reserved 1048576K
GC Heap History (10 events):
Event: 41.104 GC heap after
Heap after GC invocations=15 (full 3):
 PSYoungGen      total 206848K, used 0K [0x00000000eab00000, 0x0000000100000000, 0x0000000100000000)
  eden space 116736K, 0% used [0x00000000eab00000,0x00000000eab00000,0x00000000f1d00000)
  from space 90112K, 0% used [0x00000000fa800000,0x00000000fa800000,0x0000000100000000)
  to   space 116224K, 0% used [0x00000000f1d00000,0x00000000f1d00000,0x00000000f8e80000)
 ParOldGen       total 364544K, used 194062K [0x00000000c0000000, 0x00000000d6400000, 0x00000000eab00000)
  object space 364544K, 53% used [0x00000000c0000000,0x00000000cbd83bf0,0x00000000d6400000)
 Metaspace       used 6347K, capacity 7192K, committed 7424K, reserved 1056768K
  class space    used 613K, capacity 656K, committed 768K, reserved 1048576K
}
Event: 42.202 GC heap before
{Heap before GC invocations=16 (full 3):
 PSYoungGen      total 206848K, used 116736K [0x00000000eab00000, 0x0000000100000000, 0x0000000100000000)
  eden space 116736K, 100% used [0x00000000eab00000,0x00000000f1d00000,0x00000000f1d00000)
  from space 90112K, 0% used [0x00000000fa800000,0x00000000fa800000,0x0000000100000000)
  to   space 116224K, 0% used [0x00000000f1d00000,0x00000000f1d00000,0x00000000f8e80000)
 ParOldGen       total 364544K, used 194062K [0x00000000c0000000, 0x00000000d6400000, 0x00000000eab00000)
  object space 364544K, 53% used [0x00000000c0000000,0x00000000cbd83bf0,0x00000000d6400000)
 Metaspace       used 6393K, capacity 7192K, committed 7424K, reserved 1056768K
  class space    used 613K, capacity 656K, committed 768K, reserved 1048576K
Event: 42.393 GC heap after
Heap after GC invocations=16 (full 3):
 PSYoungGen      total 232960K, used 44211K [0x00000000eab00000, 0x0000000100000000, 0x0000000100000000)
  eden space 116736K, 0% used [0x00000000eab00000,0x00000000eab00000,0x00000000f1d00000)
  from space 116224K, 38% used [0x00000000f1d00000,0x00000000f482ccf0,0x00000000f8e80000)
  to   space 116224K, 0% used [0x00000000f8e80000,0x00000000f8e80000,0x0000000100000000)
 ParOldGen       total 364544K, used 194070K [0x00000000c0000000, 0x00000000d6400000, 0x00000000eab00000)
  object space 364544K, 53% used [0x00000000c0000000,0x00000000cbd85bf0,0x00000000d6400000)
 Metaspace       used 6393K, capacity 7192K, committed 7424K, reserved 1056768K
  class space    used 613K, capacity 656K, committed 768K, reserved 1048576K
}
Event: 43.476 GC heap before
{Heap before GC invocations=17 (full 3):
 PSYoungGen      total 232960K, used 160947K [0x00000000eab00000, 0x0000000100000000, 0x0000000100000000)
  eden space 116736K, 100% used [0x00000000eab00000,0x00000000f1d00000,0x00000000f1d00000)
  from space 116224K, 38% used [0x00000000f1d00000,0x00000000f482ccf0,0x00000000f8e80000)
  to   space 116224K, 0% used [0x00000000f8e80000,0x00000000f8e80000,0x0000000100000000)
 ParOldGen       total 364544K, used 194070K [0x00000000c0000000, 0x00000000d6400000, 0x00000000eab00000)
  object space 364544K, 53% used [0x00000000c0000000,0x00000000cbd85bf0,0x00000000d6400000)
 Metaspace       used 6408K, capacity 7192K, committed 7424K, reserved 1056768K
  class space    used 613K, capacity 656K, committed 768K, reserved 1048576K
Event: 43.801 GC heap after
Heap after GC invocations=17 (full 3):
 PSYoungGen      total 232960K, used 16483K [0x00000000eab00000, 0x0000000100000000, 0x0000000100000000)
  eden space 116736K, 0% used [0x00000000eab00000,0x00000000eab00000,0x00000000f1d00000)
  from space 116224K, 14% used [0x00000000f8e80000,0x00000000f9e98c70,0x0000000100000000)
  to   space 116224K, 0% used [0x00000000f1d00000,0x00000000f1d00000,0x00000000f8e80000)
 ParOldGen       total 364544K, used 236129K [0x00000000c0000000, 0x00000000d6400000, 0x00000000eab00000)
  object space 364544K, 64% used [0x00000000c0000000,0x00000000ce698578,0x00000000d6400000)
 Metaspace       used 6408K, capacity 7192K, committed 7424K, reserved 1056768K
  class space    used 613K, capacity 656K, committed 768K, reserved 1048576K
}
Event: 46.363 GC heap before
{Heap before GC invocations=18 (full 3):
 PSYoungGen      total 232960K, used 133219K [0x00000000eab00000, 0x0000000100000000, 0x0000000100000000)
  eden space 116736K, 100% used [0x00000000eab00000,0x00000000f1d00000,0x00000000f1d00000)
  from space 116224K, 14% used [0x00000000f8e80000,0x00000000f9e98c70,0x0000000100000000)
  to   space 116224K, 0% used [0x00000000f1d00000,0x00000000f1d00000,0x00000000f8e80000)
 ParOldGen       total 364544K, used 236129K [0x00000000c0000000, 0x00000000d6400000, 0x00000000eab00000)
  object space 364544K, 64% used [0x00000000c0000000,0x00000000ce698578,0x00000000d6400000)
 Metaspace       used 6440K, capacity 7256K, committed 7424K, reserved 1056768K
  class space    used 613K, capacity 656K, committed 768K, reserved 1048576K
Event: 46.865 GC heap after
Heap after GC invocations=18 (full 3):
 PSYoungGen      total 232960K, used 43194K [0x00000000eab00000, 0x0000000100000000, 0x0000000100000000)
  eden space 116736K, 0% used [0x00000000eab00000,0x00000000eab00000,0x00000000f1d00000)
  from space 116224K, 37% used [0x00000000f1d00000,0x00000000f472e818,0x00000000f8e80000)
  to   space 116224K, 0% used [0x00000000f8e80000,0x00000000f8e80000,0x0000000100000000)
 ParOldGen       total 364544K, used 249153K [0x00000000c0000000, 0x00000000d6400000, 0x00000000eab00000)
  object space 364544K, 68% used [0x00000000c0000000,0x00000000cf350408,0x00000000d6400000)
 Metaspace       used 6440K, capacity 7256K, committed 7424K, reserved 1056768K
  class space    used 613K, capacity 656K, committed 768K, reserved 1048576K
}
Event: 49.970 GC heap before
{Heap before GC invocations=19 (full 3):
 PSYoungGen      total 232960K, used 159930K [0x00000000eab00000, 0x0000000100000000, 0x0000000100000000)
  eden space 116736K, 100% used [0x00000000eab00000,0x00000000f1d00000,0x00000000f1d00000)
  from space 116224K, 37% used [0x00000000f1d00000,0x00000000f472e818,0x00000000f8e80000)
  to   space 116224K, 0% used [0x00000000f8e80000,0x00000000f8e80000,0x0000000100000000)
 ParOldGen       total 364544K, used 249153K [0x00000000c0000000, 0x00000000d6400000, 0x00000000eab00000)
  object space 364544K, 68% used [0x00000000c0000000,0x00000000cf350408,0x00000000d6400000)
 Metaspace       used 6459K, capacity 7256K, committed 7424K, reserved 1056768K
  class space    used 613K, capacity 656K, committed 768K, reserved 1048576K
Event: 50.125 GC heap after
Heap after GC invocations=19 (full 3):
 PSYoungGen      total 232960K, used 18247K [0x00000000eab00000, 0x0000000100000000, 0x0000000100000000)
  eden space 116736K, 0% used [0x00000000eab00000,0x00000000eab00000,0x00000000f1d00000)
  from space 116224K, 15% used [0x00000000f8e80000,0x00000000fa051c70,0x0000000100000000)
  to   space 116224K, 0% used [0x00000000f1d00000,0x00000000f1d00000,0x00000000f8e80000)
 ParOldGen       total 364544K, used 291715K [0x00000000c0000000, 0x00000000d6400000, 0x00000000eab00000)
  object space 364544K, 80% used [0x00000000c0000000,0x00000000d1ce0ea8,0x00000000d6400000)
 Metaspace       used 6459K, capacity 7256K, committed 7424K, reserved 1056768K
  class space    used 613K, capacity 656K, committed 768K, reserved 1048576K
}
Event: 50.125 GC heap before
{Heap before GC invocations=20 (full 4):
 PSYoungGen      total 232960K, used 18247K [0x00000000eab00000, 0x0000000100000000, 0x0000000100000000)
  eden space 116736K, 0% used [0x00000000eab00000,0x00000000eab00000,0x00000000f1d00000)
  from space 116224K, 15% used [0x00000000f8e80000,0x00000000fa051c70,0x0000000100000000)
  to   space 116224K, 0% used [0x00000000f1d00000,0x00000000f1d00000,0x00000000f8e80000)
 ParOldGen       total 364544K, used 291715K [0x00000000c0000000, 0x00000000d6400000, 0x00000000eab00000)
  object space 364544K, 80% used [0x00000000c0000000,0x00000000d1ce0ea8,0x00000000d6400000)
 Metaspace       used 6459K, capacity 7256K, committed 7424K, reserved 1056768K
  class space    used 613K, capacity 656K, committed 768K, reserved 1048576K

